GetModuleHandle(ntdll) [c:\users\samod\documents\sjsu project\binaries\release_malicia_1.0\binaries_release1.0\002c3a4a12eb9cdc80754e4cddccbc98e5769392.exe]
QuerySystemInformation(SystemBasicInformation) [c:\users\samod\documents\sjsu project\binaries\release_malicia_1.0\binaries_release1.0\002c3a4a12eb9cdc80754e4cddccbc98e5769392.exe]
QuerySystemInformation(SystemProcessorInformation) [c:\users\samod\documents\sjsu project\binaries\release_malicia_1.0\binaries_release1.0\002c3a4a12eb9cdc80754e4cddccbc98e5769392.exe]
QueryProcessInformation(C:\Users\samod\Documents\SJSU Project\Binaries\release_malicia_1.0\binaries_RELEASE1.0\002c3a4a12eb9cdc80754e4cddccbc98e5769392.exe, ProcessImageInformation) [c:\users\samod\documents\sjsu project\binaries\release_malicia_1.0\binaries_release1.0\002c3a4a12eb9cdc80754e4cddccbc98e5769392.exe]
CreateThread() [c:\users\samod\documents\sjsu project\binaries\release_malicia_1.0\binaries_release1.0\002c3a4a12eb9cdc80754e4cddccbc98e5769392.exe]
ResumeThread(16072) [c:\users\samod\documents\sjsu project\binaries\release_malicia_1.0\binaries_release1.0\002c3a4a12eb9cdc80754e4cddccbc98e5769392.exe]
VirtualAllocEx(C:\Users\samod\Documents\SJSU Project\Binaries\release_malicia_1.0\binaries_RELEASE1.0\002c3a4a12eb9cdc80754e4cddccbc98e5769392.exe, MEM_COMMIT MEM_RESERVE, PAGE_EXECUTE_READWRITE, RegionSize=0x00015500) [c:\users\samod\documents\sjsu project\binaries\release_malicia_1.0\binaries_release1.0\002c3a4a12eb9cdc80754e4cddccbc98e5769392.exe]
VirtualAllocEx(C:\Users\samod\Documents\SJSU Project\Binaries\release_malicia_1.0\binaries_RELEASE1.0\002c3a4a12eb9cdc80754e4cddccbc98e5769392.exe, MEM_COMMIT MEM_RESERVE, PAGE_EXECUTE_READWRITE, RegionSize=0x00000200) [c:\users\samod\documents\sjsu project\binaries\release_malicia_1.0\binaries_release1.0\002c3a4a12eb9cdc80754e4cddccbc98e5769392.exe]
VirtualAllocEx(C:\Users\samod\Documents\SJSU Project\Binaries\release_malicia_1.0\binaries_RELEASE1.0\002c3a4a12eb9cdc80754e4cddccbc98e5769392.exe, MEM_COMMIT MEM_RESERVE, PAGE_EXECUTE_READWRITE, RegionSize=0x00017000) [c:\users\samod\documents\sjsu project\binaries\release_malicia_1.0\binaries_release1.0\002c3a4a12eb9cdc80754e4cddccbc98e5769392.exe]
VirtualAllocEx(C:\Users\samod\Documents\SJSU Project\Binaries\release_malicia_1.0\binaries_RELEASE1.0\002c3a4a12eb9cdc80754e4cddccbc98e5769392.exe, MEM_COMMIT, PAGE_READWRITE, RegionSize=0x00015000) [c:\users\samod\documents\sjsu project\binaries\release_malicia_1.0\binaries_release1.0\002c3a4a12eb9cdc80754e4cddccbc98e5769392.exe]
VirtualAllocEx(C:\Users\samod\Documents\SJSU Project\Binaries\release_malicia_1.0\binaries_RELEASE1.0\002c3a4a12eb9cdc80754e4cddccbc98e5769392.exe, MEM_COMMIT MEM_RESERVE, PAGE_EXECUTE_READWRITE, RegionSize=0x00026000) [c:\users\samod\documents\sjsu project\binaries\release_malicia_1.0\binaries_release1.0\002c3a4a12eb9cdc80754e4cddccbc98e5769392.exe]
LdrFindEntryForAddress(0x76040000) [c:\users\samod\documents\sjsu project\binaries\release_malicia_1.0\binaries_release1.0\002c3a4a12eb9cdc80754e4cddccbc98e5769392.exe]
GetModuleHandle(combase.dll) [c:\users\samod\documents\sjsu project\binaries\release_malicia_1.0\binaries_release1.0\002c3a4a12eb9cdc80754e4cddccbc98e5769392.exe]
LdrFindEntryForAddress(0x76810000) [c:\users\samod\documents\sjsu project\binaries\release_malicia_1.0\binaries_release1.0\002c3a4a12eb9cdc80754e4cddccbc98e5769392.exe]
OpenProcessToken(C:\Users\samod\Documents\SJSU Project\Binaries\release_malicia_1.0\binaries_RELEASE1.0\002c3a4a12eb9cdc80754e4cddccbc98e5769392.exe, TOKEN_QUERY, TOKEN_READ) [c:\users\samod\documents\sjsu project\binaries\release_malicia_1.0\binaries_release1.0\002c3a4a12eb9cdc80754e4cddccbc98e5769392.exe]
LdrFindEntryForAddress(0x759B0000) [c:\users\samod\documents\sjsu project\binaries\release_malicia_1.0\binaries_release1.0\002c3a4a12eb9cdc80754e4cddccbc98e5769392.exe]
VirtualAllocEx(C:\Users\samod\Documents\SJSU Project\Binaries\release_malicia_1.0\binaries_RELEASE1.0\002c3a4a12eb9cdc80754e4cddccbc98e5769392.exe, MEM_COMMIT, PAGE_READWRITE, RegionSize=0x00003000) [c:\users\samod\documents\sjsu project\binaries\release_malicia_1.0\binaries_release1.0\002c3a4a12eb9cdc80754e4cddccbc98e5769392.exe]
LdrFindEntryForAddress(0x74190000) [c:\users\samod\documents\sjsu project\binaries\release_malicia_1.0\binaries_release1.0\002c3a4a12eb9cdc80754e4cddccbc98e5769392.exe]
OpenProcessToken(C:\Users\samod\Documents\SJSU Project\Binaries\release_malicia_1.0\binaries_RELEASE1.0\002c3a4a12eb9cdc80754e4cddccbc98e5769392.exe, TOKEN_EXECUTE, TOKEN_QUERY, TOKEN_READ, TOKEN_WRITE, READ_CONTROL) [c:\users\samod\documents\sjsu project\binaries\release_malicia_1.0\binaries_release1.0\002c3a4a12eb9cdc80754e4cddccbc98e5769392.exe]
OpenProcessToken(C:\Users\samod\Documents\SJSU Project\Binaries\release_malicia_1.0\binaries_RELEASE1.0\002c3a4a12eb9cdc80754e4cddccbc98e5769392.exe, TOKEN_DUPLICATE, TOKEN_EXECUTE, TOKEN_QUERY, TOKEN_READ, TOKEN_WRITE, READ_CONTROL) [c:\users\samod\documents\sjsu project\binaries\release_malicia_1.0\binaries_release1.0\002c3a4a12eb9cdc80754e4cddccbc98e5769392.exe]
LdrFindEntryForAddress(0x77200000) [c:\users\samod\documents\sjsu project\binaries\release_malicia_1.0\binaries_release1.0\002c3a4a12eb9cdc80754e4cddccbc98e5769392.exe]
LdrFindEntryForAddress(0x766C0000) [c:\users\samod\documents\sjsu project\binaries\release_malicia_1.0\binaries_release1.0\002c3a4a12eb9cdc80754e4cddccbc98e5769392.exe]
LdrFindEntryForAddress(0x73920000) [c:\users\samod\documents\sjsu project\binaries\release_malicia_1.0\binaries_release1.0\002c3a4a12eb9cdc80754e4cddccbc98e5769392.exe]
LdrFindEntryForAddress(0x74B20000) [c:\users\samod\documents\sjsu project\binaries\release_malicia_1.0\binaries_release1.0\002c3a4a12eb9cdc80754e4cddccbc98e5769392.exe]
VirtualAllocEx(C:\Users\samod\Documents\SJSU Project\Binaries\release_malicia_1.0\binaries_RELEASE1.0\002c3a4a12eb9cdc80754e4cddccbc98e5769392.exe, MEM_COMMIT, PAGE_READWRITE, RegionSize=0x00001000) [c:\users\samod\documents\sjsu project\binaries\release_malicia_1.0\binaries_release1.0\002c3a4a12eb9cdc80754e4cddccbc98e5769392.exe]
LdrFindEntryForAddress(0x73420000) [c:\users\samod\documents\sjsu project\binaries\release_malicia_1.0\binaries_release1.0\002c3a4a12eb9cdc80754e4cddccbc98e5769392.exe]
LdrFindEntryForAddress(0x76660000) [c:\users\samod\documents\sjsu project\binaries\release_malicia_1.0\binaries_release1.0\002c3a4a12eb9cdc80754e4cddccbc98e5769392.exe]
VirtualAllocEx(C:\Users\samod\Documents\SJSU Project\Binaries\release_malicia_1.0\binaries_RELEASE1.0\002c3a4a12eb9cdc80754e4cddccbc98e5769392.exe, MEM_COMMIT, PAGE_READWRITE, RegionSize=0x00004000) [c:\users\samod\documents\sjsu project\binaries\release_malicia_1.0\binaries_release1.0\002c3a4a12eb9cdc80754e4cddccbc98e5769392.exe]
GetModuleHandle(shell32.dll) [c:\users\samod\documents\sjsu project\binaries\release_malicia_1.0\binaries_release1.0\002c3a4a12eb9cdc80754e4cddccbc98e5769392.exe]
LdrFindEntryForAddress(0x74B50000) [c:\users\samod\documents\sjsu project\binaries\release_malicia_1.0\binaries_release1.0\002c3a4a12eb9cdc80754e4cddccbc98e5769392.exe]
LdrFindEntryForAddress(0x74B80000) [c:\users\samod\documents\sjsu project\binaries\release_malicia_1.0\binaries_release1.0\002c3a4a12eb9cdc80754e4cddccbc98e5769392.exe]
LdrFindEntryForAddress(0x76730000) [c:\users\samod\documents\sjsu project\binaries\release_malicia_1.0\binaries_release1.0\002c3a4a12eb9cdc80754e4cddccbc98e5769392.exe]
VirtualAllocEx(C:\Users\samod\Documents\SJSU Project\Binaries\release_malicia_1.0\binaries_RELEASE1.0\002c3a4a12eb9cdc80754e4cddccbc98e5769392.exe, MEM_COMMIT MEM_RESERVE MEM_TOP_DOWN, PAGE_READWRITE, RegionSize=0x00010000) [c:\users\samod\documents\sjsu project\binaries\release_malicia_1.0\binaries_release1.0\002c3a4a12eb9cdc80754e4cddccbc98e5769392.exe]
QueryProcessInformation(C:\Users\samod\Documents\SJSU Project\Binaries\release_malicia_1.0\binaries_RELEASE1.0\002c3a4a12eb9cdc80754e4cddccbc98e5769392.exe, ProcessBasicInformation) [c:\users\samod\documents\sjsu project\binaries\release_malicia_1.0\binaries_release1.0\002c3a4a12eb9cdc80754e4cddccbc98e5769392.exe]
LdrFindEntryForAddress(0x6F2B0000) [c:\users\samod\documents\sjsu project\binaries\release_malicia_1.0\binaries_release1.0\002c3a4a12eb9cdc80754e4cddccbc98e5769392.exe]
VirtualAllocEx(C:\Users\samod\Documents\SJSU Project\Binaries\release_malicia_1.0\binaries_RELEASE1.0\002c3a4a12eb9cdc80754e4cddccbc98e5769392.exe, MEM_RESERVE, PAGE_READWRITE, RegionSize=0x000E0000) [c:\users\samod\documents\sjsu project\binaries\release_malicia_1.0\binaries_release1.0\002c3a4a12eb9cdc80754e4cddccbc98e5769392.exe]
LdrFindEntryForAddress(0x76900000) [c:\users\samod\documents\sjsu project\binaries\release_malicia_1.0\binaries_release1.0\002c3a4a12eb9cdc80754e4cddccbc98e5769392.exe]
LdrFindEntryForAddress(0x748B0000) [c:\users\samod\documents\sjsu project\binaries\release_malicia_1.0\binaries_release1.0\002c3a4a12eb9cdc80754e4cddccbc98e5769392.exe]
LdrFindEntryForAddress(0x74880000) [c:\users\samod\documents\sjsu project\binaries\release_malicia_1.0\binaries_release1.0\002c3a4a12eb9cdc80754e4cddccbc98e5769392.exe]
LdrFindEntryForAddress(0x6EA70000) [c:\users\samod\documents\sjsu project\binaries\release_malicia_1.0\binaries_release1.0\002c3a4a12eb9cdc80754e4cddccbc98e5769392.exe]
QuerySystemInformation(182) [c:\users\samod\documents\sjsu project\binaries\release_malicia_1.0\binaries_release1.0\002c3a4a12eb9cdc80754e4cddccbc98e5769392.exe]
QueryProcessInformation(C:\Users\samod\Documents\SJSU Project\Binaries\release_malicia_1.0\binaries_RELEASE1.0\002c3a4a12eb9cdc80754e4cddccbc98e5769392.exe, ProcessQuotaLimits) [c:\users\samod\documents\sjsu project\binaries\release_malicia_1.0\binaries_release1.0\002c3a4a12eb9cdc80754e4cddccbc98e5769392.exe]
QueryProcessInformation(C:\Users\samod\Documents\SJSU Project\Binaries\release_malicia_1.0\binaries_RELEASE1.0\002c3a4a12eb9cdc80754e4cddccbc98e5769392.exe, ProcessVmCounters) [c:\users\samod\documents\sjsu project\binaries\release_malicia_1.0\binaries_release1.0\002c3a4a12eb9cdc80754e4cddccbc98e5769392.exe]
VirtualAllocEx(C:\Users\samod\Documents\SJSU Project\Binaries\release_malicia_1.0\binaries_RELEASE1.0\002c3a4a12eb9cdc80754e4cddccbc98e5769392.exe, MEM_COMMIT, PAGE_READWRITE, RegionSize=0x00002000) [c:\users\samod\documents\sjsu project\binaries\release_malicia_1.0\binaries_release1.0\002c3a4a12eb9cdc80754e4cddccbc98e5769392.exe]
OpenProcessToken(C:\Users\samod\Documents\SJSU Project\Binaries\release_malicia_1.0\binaries_RELEASE1.0\002c3a4a12eb9cdc80754e4cddccbc98e5769392.exe, TOKEN_ADJUST_PRIVILEGES, TOKEN_WRITE) [c:\users\samod\documents\sjsu project\binaries\release_malicia_1.0\binaries_release1.0\002c3a4a12eb9cdc80754e4cddccbc98e5769392.exe]
AdjustTokenPrivileges(SeImpersonatePrivilege: Enable) [c:\users\samod\documents\sjsu project\binaries\release_malicia_1.0\binaries_release1.0\002c3a4a12eb9cdc80754e4cddccbc98e5769392.exe]
AdjustTokenPrivileges(SeTcbPrivilege: Enable) [c:\users\samod\documents\sjsu project\binaries\release_malicia_1.0\binaries_release1.0\002c3a4a12eb9cdc80754e4cddccbc98e5769392.exe]
AdjustTokenPrivileges(SeChangeNotifyPrivilege: Enable) [c:\users\samod\documents\sjsu project\binaries\release_malicia_1.0\binaries_release1.0\002c3a4a12eb9cdc80754e4cddccbc98e5769392.exe]
AdjustTokenPrivileges(SeCreateTokenPrivilege: Enable) [c:\users\samod\documents\sjsu project\binaries\release_malicia_1.0\binaries_release1.0\002c3a4a12eb9cdc80754e4cddccbc98e5769392.exe]
AdjustTokenPrivileges(SeBackupPrivilege: Enable) [c:\users\samod\documents\sjsu project\binaries\release_malicia_1.0\binaries_release1.0\002c3a4a12eb9cdc80754e4cddccbc98e5769392.exe]
AdjustTokenPrivileges(SeRestorePrivilege: Enable) [c:\users\samod\documents\sjsu project\binaries\release_malicia_1.0\binaries_release1.0\002c3a4a12eb9cdc80754e4cddccbc98e5769392.exe]
AdjustTokenPrivileges(SeIncreaseQuotaPrivilege: Enable) [c:\users\samod\documents\sjsu project\binaries\release_malicia_1.0\binaries_release1.0\002c3a4a12eb9cdc80754e4cddccbc98e5769392.exe]
AdjustTokenPrivileges(SeAssignPrimaryTokenPrivilege: Enable) [c:\users\samod\documents\sjsu project\binaries\release_malicia_1.0\binaries_release1.0\002c3a4a12eb9cdc80754e4cddccbc98e5769392.exe]
GetUserName() [c:\users\samod\documents\sjsu project\binaries\release_malicia_1.0\binaries_release1.0\002c3a4a12eb9cdc80754e4cddccbc98e5769392.exe]
LdrFindEntryForAddress(0x733F0000) [c:\users\samod\documents\sjsu project\binaries\release_malicia_1.0\binaries_release1.0\002c3a4a12eb9cdc80754e4cddccbc98e5769392.exe]
GetModuleHandle(sspicli.dll) [c:\users\samod\documents\sjsu project\binaries\release_malicia_1.0\binaries_release1.0\002c3a4a12eb9cdc80754e4cddccbc98e5769392.exe]
GetModuleHandle(sppc.dll) [c:\users\samod\documents\sjsu project\binaries\release_malicia_1.0\binaries_release1.0\002c3a4a12eb9cdc80754e4cddccbc98e5769392.exe]
VirtualAllocEx(C:\Users\samod\Documents\SJSU Project\Binaries\release_malicia_1.0\binaries_RELEASE1.0\002c3a4a12eb9cdc80754e4cddccbc98e5769392.exe, MEM_RESERVE, PAGE_READWRITE, RegionSize=0x0007FFF8) [c:\users\samod\documents\sjsu project\binaries\release_malicia_1.0\binaries_release1.0\002c3a4a12eb9cdc80754e4cddccbc98e5769392.exe]
QueryProcessInformation(C:\Users\samod\Documents\SJSU Project\Binaries\release_malicia_1.0\binaries_RELEASE1.0\002c3a4a12eb9cdc80754e4cddccbc98e5769392.exe, 52) [c:\users\samod\documents\sjsu project\binaries\release_malicia_1.0\binaries_release1.0\002c3a4a12eb9cdc80754e4cddccbc98e5769392.exe]
LdrFindEntryForAddress(0x740A0000) [c:\users\samod\documents\sjsu project\binaries\release_malicia_1.0\binaries_release1.0\002c3a4a12eb9cdc80754e4cddccbc98e5769392.exe]
VirtualAllocEx(C:\Users\samod\Documents\SJSU Project\Binaries\release_malicia_1.0\binaries_RELEASE1.0\002c3a4a12eb9cdc80754e4cddccbc98e5769392.exe, MEM_RESERVE, PAGE_READWRITE, RegionSize=0x00100080) [c:\users\samod\documents\sjsu project\binaries\release_malicia_1.0\binaries_release1.0\002c3a4a12eb9cdc80754e4cddccbc98e5769392.exe]
VirtualAllocEx(C:\Users\samod\Documents\SJSU Project\Binaries\release_malicia_1.0\binaries_RELEASE1.0\002c3a4a12eb9cdc80754e4cddccbc98e5769392.exe, MEM_COMMIT, PAGE_READWRITE, RegionSize=0x00000080) [c:\users\samod\documents\sjsu project\binaries\release_malicia_1.0\binaries_release1.0\002c3a4a12eb9cdc80754e4cddccbc98e5769392.exe]
LdrFindEntryForAddress(0x70F50000) [c:\users\samod\documents\sjsu project\binaries\release_malicia_1.0\binaries_release1.0\002c3a4a12eb9cdc80754e4cddccbc98e5769392.exe]
VirtualAllocEx(C:\Users\samod\Documents\SJSU Project\Binaries\release_malicia_1.0\binaries_RELEASE1.0\002c3a4a12eb9cdc80754e4cddccbc98e5769392.exe, MEM_RESERVE, PAGE_READWRITE, RegionSize=0x001C0000) [c:\users\samod\documents\sjsu project\binaries\release_malicia_1.0\binaries_release1.0\002c3a4a12eb9cdc80754e4cddccbc98e5769392.exe]
LdrFindEntryForAddress(0x75370000) [c:\users\samod\documents\sjsu project\binaries\release_malicia_1.0\binaries_release1.0\002c3a4a12eb9cdc80754e4cddccbc98e5769392.exe]
QueryProcessInformation(C:\Users\samod\Documents\SJSU Project\Binaries\release_malicia_1.0\binaries_RELEASE1.0\002c3a4a12eb9cdc80754e4cddccbc98e5769392.exe, ProcessWow64Information) [c:\users\samod\documents\sjsu project\binaries\release_malicia_1.0\binaries_release1.0\002c3a4a12eb9cdc80754e4cddccbc98e5769392.exe]
LdrFindEntryForAddress(0x76D70000) [c:\users\samod\documents\sjsu project\binaries\release_malicia_1.0\binaries_release1.0\002c3a4a12eb9cdc80754e4cddccbc98e5769392.exe]
LdrFindEntryForAddress(0x73140000) [c:\users\samod\documents\sjsu project\binaries\release_malicia_1.0\binaries_release1.0\002c3a4a12eb9cdc80754e4cddccbc98e5769392.exe]
LdrFindEntryForAddress(0x748A0000) [c:\users\samod\documents\sjsu project\binaries\release_malicia_1.0\binaries_release1.0\002c3a4a12eb9cdc80754e4cddccbc98e5769392.exe]
LdrFindEntryForAddress(0x740C0000) [c:\users\samod\documents\sjsu project\binaries\release_malicia_1.0\binaries_release1.0\002c3a4a12eb9cdc80754e4cddccbc98e5769392.exe]
LdrFindEntryForAddress(0x74870000) [c:\users\samod\documents\sjsu project\binaries\release_malicia_1.0\binaries_release1.0\002c3a4a12eb9cdc80754e4cddccbc98e5769392.exe]
LdrFindEntryForAddress(0x6DDF0000) [c:\users\samod\documents\sjsu project\binaries\release_malicia_1.0\binaries_release1.0\002c3a4a12eb9cdc80754e4cddccbc98e5769392.exe]
QuerySystemInformation(SystemKernelDebuggerInformation) [c:\users\samod\documents\sjsu project\binaries\release_malicia_1.0\binaries_release1.0\002c3a4a12eb9cdc80754e4cddccbc98e5769392.exe]
VirtualAllocEx(C:\Users\samod\Documents\SJSU Project\Binaries\release_malicia_1.0\binaries_RELEASE1.0\002c3a4a12eb9cdc80754e4cddccbc98e5769392.exe, MEM_COMMIT, PAGE_READWRITE, RegionSize=0x00000048) [c:\users\samod\documents\sjsu project\binaries\release_malicia_1.0\binaries_release1.0\002c3a4a12eb9cdc80754e4cddccbc98e5769392.exe]
VirtualAllocEx(C:\Users\samod\Documents\SJSU Project\Binaries\release_malicia_1.0\binaries_RELEASE1.0\002c3a4a12eb9cdc80754e4cddccbc98e5769392.exe, MEM_COMMIT MEM_RESERVE MEM_TOP_DOWN, PAGE_READWRITE, RegionSize=0x00102000) [c:\users\samod\documents\sjsu project\binaries\release_malicia_1.0\binaries_release1.0\002c3a4a12eb9cdc80754e4cddccbc98e5769392.exe]
LdrFindEntryForAddress(0x6D700000) [c:\users\samod\documents\sjsu project\binaries\release_malicia_1.0\binaries_release1.0\002c3a4a12eb9cdc80754e4cddccbc98e5769392.exe]
SystemParametersInfo(SPI_GETFLATMENU, 0) [c:\users\samod\documents\sjsu project\binaries\release_malicia_1.0\binaries_release1.0\002c3a4a12eb9cdc80754e4cddccbc98e5769392.exe]
QueryProcessInformation(C:\Users\samod\Documents\SJSU Project\Binaries\release_malicia_1.0\binaries_RELEASE1.0\002c3a4a12eb9cdc80754e4cddccbc98e5769392.exe, ProcessWx86Information) [c:\users\samod\documents\sjsu project\binaries\release_malicia_1.0\binaries_release1.0\002c3a4a12eb9cdc80754e4cddccbc98e5769392.exe]
OpenProcess(C:\Users\samod\Documents\SJSU Project\Binaries\release_malicia_1.0\binaries_RELEASE1.0\002c3a4a12eb9cdc80754e4cddccbc98e5769392.exe, PROCESS_QUERY_INFORMATION) [c:\users\samod\documents\sjsu project\binaries\release_malicia_1.0\binaries_release1.0\002c3a4a12eb9cdc80754e4cddccbc98e5769392.exe]
LdrFindEntryForAddress(0x6EB40000) [c:\users\samod\documents\sjsu project\binaries\release_malicia_1.0\binaries_release1.0\002c3a4a12eb9cdc80754e4cddccbc98e5769392.exe]
VirtualAllocEx(C:\Users\samod\Documents\SJSU Project\Binaries\release_malicia_1.0\binaries_RELEASE1.0\002c3a4a12eb9cdc80754e4cddccbc98e5769392.exe, MEM_COMMIT MEM_RESERVE, PAGE_READWRITE, RegionSize=0x00000968) [c:\users\samod\documents\sjsu project\binaries\release_malicia_1.0\binaries_release1.0\002c3a4a12eb9cdc80754e4cddccbc98e5769392.exe]
VirtualAllocEx(C:\Users\samod\Documents\SJSU Project\Binaries\release_malicia_1.0\binaries_RELEASE1.0\002c3a4a12eb9cdc80754e4cddccbc98e5769392.exe, MEM_COMMIT MEM_RESERVE, PAGE_READWRITE, RegionSize=0x00000040) [c:\users\samod\documents\sjsu project\binaries\release_malicia_1.0\binaries_release1.0\002c3a4a12eb9cdc80754e4cddccbc98e5769392.exe]
GetModuleHandle(ole32.dll) [c:\users\samod\documents\sjsu project\binaries\release_malicia_1.0\binaries_release1.0\002c3a4a12eb9cdc80754e4cddccbc98e5769392.exe]
QueryProcessInformation(C:\Users\samod\Documents\SJSU Project\Binaries\release_malicia_1.0\binaries_RELEASE1.0\002c3a4a12eb9cdc80754e4cddccbc98e5769392.exe, ProcessDefaultHardErrorMode) [c:\users\samod\documents\sjsu project\binaries\release_malicia_1.0\binaries_release1.0\002c3a4a12eb9cdc80754e4cddccbc98e5769392.exe]
LdrFindEntryForAddress(0x746D0000) [c:\users\samod\documents\sjsu project\binaries\release_malicia_1.0\binaries_release1.0\002c3a4a12eb9cdc80754e4cddccbc98e5769392.exe]
LdrFindEntryForAddress(0x6E420000) [c:\users\samod\documents\sjsu project\binaries\release_malicia_1.0\binaries_release1.0\002c3a4a12eb9cdc80754e4cddccbc98e5769392.exe]
LdrFindEntryForAddress(0x6ECD0000) [c:\users\samod\documents\sjsu project\binaries\release_malicia_1.0\binaries_release1.0\002c3a4a12eb9cdc80754e4cddccbc98e5769392.exe]
VirtualAllocEx(C:\Users\samod\Documents\SJSU Project\Binaries\release_malicia_1.0\binaries_RELEASE1.0\002c3a4a12eb9cdc80754e4cddccbc98e5769392.exe, MEM_RESERVE, PAGE_READWRITE, RegionSize=0x0001ABD0) [c:\users\samod\documents\sjsu project\binaries\release_malicia_1.0\binaries_release1.0\002c3a4a12eb9cdc80754e4cddccbc98e5769392.exe]
VirtualAllocEx(C:\Users\samod\Documents\SJSU Project\Binaries\release_malicia_1.0\binaries_RELEASE1.0\002c3a4a12eb9cdc80754e4cddccbc98e5769392.exe, MEM_COMMIT, PAGE_READWRITE, RegionSize=0x00000890) [c:\users\samod\documents\sjsu project\binaries\release_malicia_1.0\binaries_release1.0\002c3a4a12eb9cdc80754e4cddccbc98e5769392.exe]
VirtualAllocEx(C:\Users\samod\Documents\SJSU Project\Binaries\release_malicia_1.0\binaries_RELEASE1.0\002c3a4a12eb9cdc80754e4cddccbc98e5769392.exe, MEM_COMMIT, PAGE_READWRITE, RegionSize=0x00011000) [c:\users\samod\documents\sjsu project\binaries\release_malicia_1.0\binaries_release1.0\002c3a4a12eb9cdc80754e4cddccbc98e5769392.exe]
VirtualAllocEx(C:\Users\samod\Documents\SJSU Project\Binaries\release_malicia_1.0\binaries_RELEASE1.0\002c3a4a12eb9cdc80754e4cddccbc98e5769392.exe, MEM_COMMIT, PAGE_READWRITE, RegionSize=0x0000A000) [c:\users\samod\documents\sjsu project\binaries\release_malicia_1.0\binaries_release1.0\002c3a4a12eb9cdc80754e4cddccbc98e5769392.exe]
VirtualAllocEx(C:\Users\samod\Documents\SJSU Project\Binaries\release_malicia_1.0\binaries_RELEASE1.0\002c3a4a12eb9cdc80754e4cddccbc98e5769392.exe, MEM_COMMIT, PAGE_READWRITE, RegionSize=0x00013000) [c:\users\samod\documents\sjsu project\binaries\release_malicia_1.0\binaries_release1.0\002c3a4a12eb9cdc80754e4cddccbc98e5769392.exe]
VirtualAllocEx(C:\Users\samod\Documents\SJSU Project\Binaries\release_malicia_1.0\binaries_RELEASE1.0\002c3a4a12eb9cdc80754e4cddccbc98e5769392.exe, MEM_COMMIT, PAGE_READWRITE, RegionSize=0x00035000) [c:\users\samod\documents\sjsu project\binaries\release_malicia_1.0\binaries_release1.0\002c3a4a12eb9cdc80754e4cddccbc98e5769392.exe]
VirtualAllocEx(C:\Users\samod\Documents\SJSU Project\Binaries\release_malicia_1.0\binaries_RELEASE1.0\002c3a4a12eb9cdc80754e4cddccbc98e5769392.exe, MEM_RESERVE, PAGE_READWRITE, RegionSize=0x00100000) [c:\users\samod\documents\sjsu project\binaries\release_malicia_1.0\binaries_release1.0\002c3a4a12eb9cdc80754e4cddccbc98e5769392.exe]
VirtualAllocEx(C:\Users\samod\Documents\SJSU Project\Binaries\release_malicia_1.0\binaries_RELEASE1.0\002c3a4a12eb9cdc80754e4cddccbc98e5769392.exe, MEM_COMMIT, PAGE_READWRITE, RegionSize=0x00037010) [c:\users\samod\documents\sjsu project\binaries\release_malicia_1.0\binaries_release1.0\002c3a4a12eb9cdc80754e4cddccbc98e5769392.exe]
VirtualAllocEx(C:\Users\samod\Documents\SJSU Project\Binaries\release_malicia_1.0\binaries_RELEASE1.0\002c3a4a12eb9cdc80754e4cddccbc98e5769392.exe, MEM_COMMIT, PAGE_READWRITE, RegionSize=0x0006A000) [c:\users\samod\documents\sjsu project\binaries\release_malicia_1.0\binaries_release1.0\002c3a4a12eb9cdc80754e4cddccbc98e5769392.exe]
VirtualAllocEx(C:\Users\samod\Documents\SJSU Project\Binaries\release_malicia_1.0\binaries_RELEASE1.0\002c3a4a12eb9cdc80754e4cddccbc98e5769392.exe, MEM_COMMIT, PAGE_READWRITE, RegionSize=0x0008C028) [c:\users\samod\documents\sjsu project\binaries\release_malicia_1.0\binaries_release1.0\002c3a4a12eb9cdc80754e4cddccbc98e5769392.exe]
VirtualAllocEx(C:\Users\samod\Documents\SJSU Project\Binaries\release_malicia_1.0\binaries_RELEASE1.0\002c3a4a12eb9cdc80754e4cddccbc98e5769392.exe, MEM_COMMIT, PAGE_READWRITE, RegionSize=0x00086028) [c:\users\samod\documents\sjsu project\binaries\release_malicia_1.0\binaries_release1.0\002c3a4a12eb9cdc80754e4cddccbc98e5769392.exe]
VirtualAllocEx(C:\Users\samod\Documents\SJSU Project\Binaries\release_malicia_1.0\binaries_RELEASE1.0\002c3a4a12eb9cdc80754e4cddccbc98e5769392.exe, MEM_COMMIT, PAGE_READWRITE, RegionSize=0x00084028) [c:\users\samod\documents\sjsu project\binaries\release_malicia_1.0\binaries_release1.0\002c3a4a12eb9cdc80754e4cddccbc98e5769392.exe]
VirtualAllocEx(C:\Users\samod\Documents\SJSU Project\Binaries\release_malicia_1.0\binaries_RELEASE1.0\002c3a4a12eb9cdc80754e4cddccbc98e5769392.exe, MEM_COMMIT, PAGE_READWRITE, RegionSize=0x0008E028) [c:\users\samod\documents\sjsu project\binaries\release_malicia_1.0\binaries_release1.0\002c3a4a12eb9cdc80754e4cddccbc98e5769392.exe]
VirtualAllocEx(C:\Users\samod\Documents\SJSU Project\Binaries\release_malicia_1.0\binaries_RELEASE1.0\002c3a4a12eb9cdc80754e4cddccbc98e5769392.exe, MEM_COMMIT, PAGE_READWRITE, RegionSize=0x00091028) [c:\users\samod\documents\sjsu project\binaries\release_malicia_1.0\binaries_release1.0\002c3a4a12eb9cdc80754e4cddccbc98e5769392.exe]
VirtualAllocEx(C:\Users\samod\Documents\SJSU Project\Binaries\release_malicia_1.0\binaries_RELEASE1.0\002c3a4a12eb9cdc80754e4cddccbc98e5769392.exe, MEM_COMMIT, PAGE_READWRITE, RegionSize=0x00095028) [c:\users\samod\documents\sjsu project\binaries\release_malicia_1.0\binaries_release1.0\002c3a4a12eb9cdc80754e4cddccbc98e5769392.exe]
VirtualAllocEx(C:\Users\samod\Documents\SJSU Project\Binaries\release_malicia_1.0\binaries_RELEASE1.0\002c3a4a12eb9cdc80754e4cddccbc98e5769392.exe, MEM_COMMIT, PAGE_READWRITE, RegionSize=0x00092028) [c:\users\samod\documents\sjsu project\binaries\release_malicia_1.0\binaries_release1.0\002c3a4a12eb9cdc80754e4cddccbc98e5769392.exe]
VirtualAllocEx(C:\Users\samod\Documents\SJSU Project\Binaries\release_malicia_1.0\binaries_RELEASE1.0\002c3a4a12eb9cdc80754e4cddccbc98e5769392.exe, MEM_COMMIT, PAGE_READWRITE, RegionSize=0x00097028) [c:\users\samod\documents\sjsu project\binaries\release_malicia_1.0\binaries_release1.0\002c3a4a12eb9cdc80754e4cddccbc98e5769392.exe]
VirtualAllocEx(C:\Users\samod\Documents\SJSU Project\Binaries\release_malicia_1.0\binaries_RELEASE1.0\002c3a4a12eb9cdc80754e4cddccbc98e5769392.exe, MEM_COMMIT, PAGE_READWRITE, RegionSize=0x0008D028) [c:\users\samod\documents\sjsu project\binaries\release_malicia_1.0\binaries_release1.0\002c3a4a12eb9cdc80754e4cddccbc98e5769392.exe]
VirtualAllocEx(C:\Users\samod\Documents\SJSU Project\Binaries\release_malicia_1.0\binaries_RELEASE1.0\002c3a4a12eb9cdc80754e4cddccbc98e5769392.exe, MEM_COMMIT, PAGE_READWRITE, RegionSize=0x00099028) [c:\users\samod\documents\sjsu project\binaries\release_malicia_1.0\binaries_release1.0\002c3a4a12eb9cdc80754e4cddccbc98e5769392.exe]
VirtualAllocEx(C:\Users\samod\Documents\SJSU Project\Binaries\release_malicia_1.0\binaries_RELEASE1.0\002c3a4a12eb9cdc80754e4cddccbc98e5769392.exe, MEM_COMMIT, PAGE_READWRITE, RegionSize=0x00090028) [c:\users\samod\documents\sjsu project\binaries\release_malicia_1.0\binaries_release1.0\002c3a4a12eb9cdc80754e4cddccbc98e5769392.exe]
VirtualAllocEx(C:\Users\samod\Documents\SJSU Project\Binaries\release_malicia_1.0\binaries_RELEASE1.0\002c3a4a12eb9cdc80754e4cddccbc98e5769392.exe, MEM_COMMIT, PAGE_READWRITE, RegionSize=0x00096028) [c:\users\samod\documents\sjsu project\binaries\release_malicia_1.0\binaries_release1.0\002c3a4a12eb9cdc80754e4cddccbc98e5769392.exe]
VirtualAllocEx(C:\Users\samod\Documents\SJSU Project\Binaries\release_malicia_1.0\binaries_RELEASE1.0\002c3a4a12eb9cdc80754e4cddccbc98e5769392.exe, MEM_COMMIT, PAGE_READWRITE, RegionSize=0x00098028) [c:\users\samod\documents\sjsu project\binaries\release_malicia_1.0\binaries_release1.0\002c3a4a12eb9cdc80754e4cddccbc98e5769392.exe]
VirtualAllocEx(C:\Users\samod\Documents\SJSU Project\Binaries\release_malicia_1.0\binaries_RELEASE1.0\002c3a4a12eb9cdc80754e4cddccbc98e5769392.exe, MEM_COMMIT, PAGE_READWRITE, RegionSize=0x0009B028) [c:\users\samod\documents\sjsu project\binaries\release_malicia_1.0\binaries_release1.0\002c3a4a12eb9cdc80754e4cddccbc98e5769392.exe]
VirtualAllocEx(C:\Users\samod\Documents\SJSU Project\Binaries\release_malicia_1.0\binaries_RELEASE1.0\002c3a4a12eb9cdc80754e4cddccbc98e5769392.exe, MEM_COMMIT, PAGE_READWRITE, RegionSize=0x000A3028) [c:\users\samod\documents\sjsu project\binaries\release_malicia_1.0\binaries_release1.0\002c3a4a12eb9cdc80754e4cddccbc98e5769392.exe]
VirtualAllocEx(C:\Users\samod\Documents\SJSU Project\Binaries\release_malicia_1.0\binaries_RELEASE1.0\002c3a4a12eb9cdc80754e4cddccbc98e5769392.exe, MEM_COMMIT, PAGE_READWRITE, RegionSize=0x0009F028) [c:\users\samod\documents\sjsu project\binaries\release_malicia_1.0\binaries_release1.0\002c3a4a12eb9cdc80754e4cddccbc98e5769392.exe]
VirtualAllocEx(C:\Users\samod\Documents\SJSU Project\Binaries\release_malicia_1.0\binaries_RELEASE1.0\002c3a4a12eb9cdc80754e4cddccbc98e5769392.exe, MEM_COMMIT, PAGE_READWRITE, RegionSize=0x000A7028) [c:\users\samod\documents\sjsu project\binaries\release_malicia_1.0\binaries_release1.0\002c3a4a12eb9cdc80754e4cddccbc98e5769392.exe]
VirtualAllocEx(C:\Users\samod\Documents\SJSU Project\Binaries\release_malicia_1.0\binaries_RELEASE1.0\002c3a4a12eb9cdc80754e4cddccbc98e5769392.exe, MEM_COMMIT, PAGE_READWRITE, RegionSize=0x000A0028) [c:\users\samod\documents\sjsu project\binaries\release_malicia_1.0\binaries_release1.0\002c3a4a12eb9cdc80754e4cddccbc98e5769392.exe]
VirtualAllocEx(C:\Users\samod\Documents\SJSU Project\Binaries\release_malicia_1.0\binaries_RELEASE1.0\002c3a4a12eb9cdc80754e4cddccbc98e5769392.exe, MEM_COMMIT, PAGE_READWRITE, RegionSize=0x000AA028) [c:\users\samod\documents\sjsu project\binaries\release_malicia_1.0\binaries_release1.0\002c3a4a12eb9cdc80754e4cddccbc98e5769392.exe]
VirtualAllocEx(C:\Users\samod\Documents\SJSU Project\Binaries\release_malicia_1.0\binaries_RELEASE1.0\002c3a4a12eb9cdc80754e4cddccbc98e5769392.exe, MEM_COMMIT, PAGE_READWRITE, RegionSize=0x000A2028) [c:\users\samod\documents\sjsu project\binaries\release_malicia_1.0\binaries_release1.0\002c3a4a12eb9cdc80754e4cddccbc98e5769392.exe]
VirtualAllocEx(C:\Users\samod\Documents\SJSU Project\Binaries\release_malicia_1.0\binaries_RELEASE1.0\002c3a4a12eb9cdc80754e4cddccbc98e5769392.exe, MEM_COMMIT, PAGE_READWRITE, RegionSize=0x000AC028) [c:\users\samod\documents\sjsu project\binaries\release_malicia_1.0\binaries_release1.0\002c3a4a12eb9cdc80754e4cddccbc98e5769392.exe]
VirtualAllocEx(C:\Users\samod\Documents\SJSU Project\Binaries\release_malicia_1.0\binaries_RELEASE1.0\002c3a4a12eb9cdc80754e4cddccbc98e5769392.exe, MEM_COMMIT, PAGE_READWRITE, RegionSize=0x000A6028) [c:\users\samod\documents\sjsu project\binaries\release_malicia_1.0\binaries_release1.0\002c3a4a12eb9cdc80754e4cddccbc98e5769392.exe]
VirtualAllocEx(C:\Users\samod\Documents\SJSU Project\Binaries\release_malicia_1.0\binaries_RELEASE1.0\002c3a4a12eb9cdc80754e4cddccbc98e5769392.exe, MEM_COMMIT, PAGE_READWRITE, RegionSize=0x000B5028) [c:\users\samod\documents\sjsu project\binaries\release_malicia_1.0\binaries_release1.0\002c3a4a12eb9cdc80754e4cddccbc98e5769392.exe]
VirtualAllocEx(C:\Users\samod\Documents\SJSU Project\Binaries\release_malicia_1.0\binaries_RELEASE1.0\002c3a4a12eb9cdc80754e4cddccbc98e5769392.exe, MEM_COMMIT, PAGE_READWRITE, RegionSize=0x000B0028) [c:\users\samod\documents\sjsu project\binaries\release_malicia_1.0\binaries_release1.0\002c3a4a12eb9cdc80754e4cddccbc98e5769392.exe]
VirtualAllocEx(C:\Users\samod\Documents\SJSU Project\Binaries\release_malicia_1.0\binaries_RELEASE1.0\002c3a4a12eb9cdc80754e4cddccbc98e5769392.exe, MEM_COMMIT, PAGE_READWRITE, RegionSize=0x000B2028) [c:\users\samod\documents\sjsu project\binaries\release_malicia_1.0\binaries_release1.0\002c3a4a12eb9cdc80754e4cddccbc98e5769392.exe]
VirtualAllocEx(C:\Users\samod\Documents\SJSU Project\Binaries\release_malicia_1.0\binaries_RELEASE1.0\002c3a4a12eb9cdc80754e4cddccbc98e5769392.exe, MEM_COMMIT, PAGE_READWRITE, RegionSize=0x000AB028) [c:\users\samod\documents\sjsu project\binaries\release_malicia_1.0\binaries_release1.0\002c3a4a12eb9cdc80754e4cddccbc98e5769392.exe]
VirtualAllocEx(C:\Users\samod\Documents\SJSU Project\Binaries\release_malicia_1.0\binaries_RELEASE1.0\002c3a4a12eb9cdc80754e4cddccbc98e5769392.exe, MEM_COMMIT, PAGE_READWRITE, RegionSize=0x000B3028) [c:\users\samod\documents\sjsu project\binaries\release_malicia_1.0\binaries_release1.0\002c3a4a12eb9cdc80754e4cddccbc98e5769392.exe]
VirtualAllocEx(C:\Users\samod\Documents\SJSU Project\Binaries\release_malicia_1.0\binaries_RELEASE1.0\002c3a4a12eb9cdc80754e4cddccbc98e5769392.exe, MEM_COMMIT, PAGE_READWRITE, RegionSize=0x000B9028) [c:\users\samod\documents\sjsu project\binaries\release_malicia_1.0\binaries_release1.0\002c3a4a12eb9cdc80754e4cddccbc98e5769392.exe]
VirtualAllocEx(C:\Users\samod\Documents\SJSU Project\Binaries\release_malicia_1.0\binaries_RELEASE1.0\002c3a4a12eb9cdc80754e4cddccbc98e5769392.exe, MEM_COMMIT, PAGE_READWRITE, RegionSize=0x000BE028) [c:\users\samod\documents\sjsu project\binaries\release_malicia_1.0\binaries_release1.0\002c3a4a12eb9cdc80754e4cddccbc98e5769392.exe]
VirtualAllocEx(C:\Users\samod\Documents\SJSU Project\Binaries\release_malicia_1.0\binaries_RELEASE1.0\002c3a4a12eb9cdc80754e4cddccbc98e5769392.exe, MEM_COMMIT, PAGE_READWRITE, RegionSize=0x000B4028) [c:\users\samod\documents\sjsu project\binaries\release_malicia_1.0\binaries_release1.0\002c3a4a12eb9cdc80754e4cddccbc98e5769392.exe]
VirtualAllocEx(C:\Users\samod\Documents\SJSU Project\Binaries\release_malicia_1.0\binaries_RELEASE1.0\002c3a4a12eb9cdc80754e4cddccbc98e5769392.exe, MEM_COMMIT, PAGE_READWRITE, RegionSize=0x000C0028) [c:\users\samod\documents\sjsu project\binaries\release_malicia_1.0\binaries_release1.0\002c3a4a12eb9cdc80754e4cddccbc98e5769392.exe]
VirtualAllocEx(C:\Users\samod\Documents\SJSU Project\Binaries\release_malicia_1.0\binaries_RELEASE1.0\002c3a4a12eb9cdc80754e4cddccbc98e5769392.exe, MEM_COMMIT, PAGE_READWRITE, RegionSize=0x000BD028) [c:\users\samod\documents\sjsu project\binaries\release_malicia_1.0\binaries_release1.0\002c3a4a12eb9cdc80754e4cddccbc98e5769392.exe]
VirtualAllocEx(C:\Users\samod\Documents\SJSU Project\Binaries\release_malicia_1.0\binaries_RELEASE1.0\002c3a4a12eb9cdc80754e4cddccbc98e5769392.exe, MEM_COMMIT, PAGE_READWRITE, RegionSize=0x000BA028) [c:\users\samod\documents\sjsu project\binaries\release_malicia_1.0\binaries_release1.0\002c3a4a12eb9cdc80754e4cddccbc98e5769392.exe]
VirtualAllocEx(C:\Users\samod\Documents\SJSU Project\Binaries\release_malicia_1.0\binaries_RELEASE1.0\002c3a4a12eb9cdc80754e4cddccbc98e5769392.exe, MEM_COMMIT, PAGE_READWRITE, RegionSize=0x000C2028) [c:\users\samod\documents\sjsu project\binaries\release_malicia_1.0\binaries_release1.0\002c3a4a12eb9cdc80754e4cddccbc98e5769392.exe]
VirtualAllocEx(C:\Users\samod\Documents\SJSU Project\Binaries\release_malicia_1.0\binaries_RELEASE1.0\002c3a4a12eb9cdc80754e4cddccbc98e5769392.exe, MEM_COMMIT, PAGE_READWRITE, RegionSize=0x000BC028) [c:\users\samod\documents\sjsu project\binaries\release_malicia_1.0\binaries_release1.0\002c3a4a12eb9cdc80754e4cddccbc98e5769392.exe]
VirtualAllocEx(C:\Users\samod\Documents\SJSU Project\Binaries\release_malicia_1.0\binaries_RELEASE1.0\002c3a4a12eb9cdc80754e4cddccbc98e5769392.exe, MEM_COMMIT, PAGE_READWRITE, RegionSize=0x000C3028) [c:\users\samod\documents\sjsu project\binaries\release_malicia_1.0\binaries_release1.0\002c3a4a12eb9cdc80754e4cddccbc98e5769392.exe]
VirtualAllocEx(C:\Users\samod\Documents\SJSU Project\Binaries\release_malicia_1.0\binaries_RELEASE1.0\002c3a4a12eb9cdc80754e4cddccbc98e5769392.exe, MEM_COMMIT, PAGE_READWRITE, RegionSize=0x00057000) [c:\users\samod\documents\sjsu project\binaries\release_malicia_1.0\binaries_release1.0\002c3a4a12eb9cdc80754e4cddccbc98e5769392.exe]
VirtualAllocEx(C:\Users\samod\Documents\SJSU Project\Binaries\release_malicia_1.0\binaries_RELEASE1.0\002c3a4a12eb9cdc80754e4cddccbc98e5769392.exe, MEM_COMMIT, PAGE_READWRITE, RegionSize=0x00007000) [c:\users\samod\documents\sjsu project\binaries\release_malicia_1.0\binaries_release1.0\002c3a4a12eb9cdc80754e4cddccbc98e5769392.exe]
VirtualAllocEx(C:\Users\samod\Documents\SJSU Project\Binaries\release_malicia_1.0\binaries_RELEASE1.0\002c3a4a12eb9cdc80754e4cddccbc98e5769392.exe, MEM_COMMIT, PAGE_READWRITE, RegionSize=0x00006000) [c:\users\samod\documents\sjsu project\binaries\release_malicia_1.0\binaries_release1.0\002c3a4a12eb9cdc80754e4cddccbc98e5769392.exe]
VirtualAllocEx(C:\Users\samod\Documents\SJSU Project\Binaries\release_malicia_1.0\binaries_RELEASE1.0\002c3a4a12eb9cdc80754e4cddccbc98e5769392.exe, MEM_COMMIT, PAGE_READWRITE, RegionSize=0x00005000) [c:\users\samod\documents\sjsu project\binaries\release_malicia_1.0\binaries_release1.0\002c3a4a12eb9cdc80754e4cddccbc98e5769392.exe]
VirtualAllocEx(C:\Users\samod\Documents\SJSU Project\Binaries\release_malicia_1.0\binaries_RELEASE1.0\002c3a4a12eb9cdc80754e4cddccbc98e5769392.exe, MEM_COMMIT, PAGE_READWRITE, RegionSize=0x00067000) [c:\users\samod\documents\sjsu project\binaries\release_malicia_1.0\binaries_release1.0\002c3a4a12eb9cdc80754e4cddccbc98e5769392.exe]
VirtualAllocEx(C:\Users\samod\Documents\SJSU Project\Binaries\release_malicia_1.0\binaries_RELEASE1.0\002c3a4a12eb9cdc80754e4cddccbc98e5769392.exe, MEM_COMMIT, PAGE_READWRITE, RegionSize=0x00041000) [c:\users\samod\documents\sjsu project\binaries\release_malicia_1.0\binaries_release1.0\002c3a4a12eb9cdc80754e4cddccbc98e5769392.exe]
VirtualAllocEx(C:\Users\samod\Documents\SJSU Project\Binaries\release_malicia_1.0\binaries_RELEASE1.0\002c3a4a12eb9cdc80754e4cddccbc98e5769392.exe, MEM_COMMIT, PAGE_READWRITE, RegionSize=0x00051000) [c:\users\samod\documents\sjsu project\binaries\release_malicia_1.0\binaries_release1.0\002c3a4a12eb9cdc80754e4cddccbc98e5769392.exe]
VirtualAllocEx(C:\Users\samod\Documents\SJSU Project\Binaries\release_malicia_1.0\binaries_RELEASE1.0\002c3a4a12eb9cdc80754e4cddccbc98e5769392.exe, MEM_COMMIT, PAGE_READWRITE, RegionSize=0x0006C000) [c:\users\samod\documents\sjsu project\binaries\release_malicia_1.0\binaries_release1.0\002c3a4a12eb9cdc80754e4cddccbc98e5769392.exe]
VirtualAllocEx(C:\Users\samod\Documents\SJSU Project\Binaries\release_malicia_1.0\binaries_RELEASE1.0\002c3a4a12eb9cdc80754e4cddccbc98e5769392.exe, MEM_RESERVE, PAGE_READWRITE, RegionSize=0x00200000) [c:\users\samod\documents\sjsu project\binaries\release_malicia_1.0\binaries_release1.0\002c3a4a12eb9cdc80754e4cddccbc98e5769392.exe]
VirtualAllocEx(C:\Users\samod\Documents\SJSU Project\Binaries\release_malicia_1.0\binaries_RELEASE1.0\002c3a4a12eb9cdc80754e4cddccbc98e5769392.exe, MEM_COMMIT, PAGE_READWRITE, RegionSize=0x0006E010) [c:\users\samod\documents\sjsu project\binaries\release_malicia_1.0\binaries_release1.0\002c3a4a12eb9cdc80754e4cddccbc98e5769392.exe]
VirtualAllocEx(C:\Users\samod\Documents\SJSU Project\Binaries\release_malicia_1.0\binaries_RELEASE1.0\002c3a4a12eb9cdc80754e4cddccbc98e5769392.exe, MEM_COMMIT, PAGE_READWRITE, RegionSize=0x00070000) [c:\users\samod\documents\sjsu project\binaries\release_malicia_1.0\binaries_release1.0\002c3a4a12eb9cdc80754e4cddccbc98e5769392.exe]
VirtualAllocEx(C:\Users\samod\Documents\SJSU Project\Binaries\release_malicia_1.0\binaries_RELEASE1.0\002c3a4a12eb9cdc80754e4cddccbc98e5769392.exe, MEM_COMMIT, PAGE_READWRITE, RegionSize=0x00072000) [c:\users\samod\documents\sjsu project\binaries\release_malicia_1.0\binaries_release1.0\002c3a4a12eb9cdc80754e4cddccbc98e5769392.exe]
VirtualAllocEx(C:\Users\samod\Documents\SJSU Project\Binaries\release_malicia_1.0\binaries_RELEASE1.0\002c3a4a12eb9cdc80754e4cddccbc98e5769392.exe, MEM_COMMIT, PAGE_READWRITE, RegionSize=0x00074000) [c:\users\samod\documents\sjsu project\binaries\release_malicia_1.0\binaries_release1.0\002c3a4a12eb9cdc80754e4cddccbc98e5769392.exe]
VirtualAllocEx(C:\Users\samod\Documents\SJSU Project\Binaries\release_malicia_1.0\binaries_RELEASE1.0\002c3a4a12eb9cdc80754e4cddccbc98e5769392.exe, MEM_COMMIT, PAGE_READWRITE, RegionSize=0x00083028) [c:\users\samod\documents\sjsu project\binaries\release_malicia_1.0\binaries_release1.0\002c3a4a12eb9cdc80754e4cddccbc98e5769392.exe]
VirtualAllocEx(C:\Users\samod\Documents\SJSU Project\Binaries\release_malicia_1.0\binaries_RELEASE1.0\002c3a4a12eb9cdc80754e4cddccbc98e5769392.exe, MEM_COMMIT, PAGE_READWRITE, RegionSize=0x00093028) [c:\users\samod\documents\sjsu project\binaries\release_malicia_1.0\binaries_release1.0\002c3a4a12eb9cdc80754e4cddccbc98e5769392.exe]
VirtualAllocEx(C:\Users\samod\Documents\SJSU Project\Binaries\release_malicia_1.0\binaries_RELEASE1.0\002c3a4a12eb9cdc80754e4cddccbc98e5769392.exe, MEM_COMMIT, PAGE_READWRITE, RegionSize=0x00094028) [c:\users\samod\documents\sjsu project\binaries\release_malicia_1.0\binaries_release1.0\002c3a4a12eb9cdc80754e4cddccbc98e5769392.exe]
VirtualAllocEx(C:\Users\samod\Documents\SJSU Project\Binaries\release_malicia_1.0\binaries_RELEASE1.0\002c3a4a12eb9cdc80754e4cddccbc98e5769392.exe, MEM_COMMIT, PAGE_READWRITE, RegionSize=0x0008A028) [c:\users\samod\documents\sjsu project\binaries\release_malicia_1.0\binaries_release1.0\002c3a4a12eb9cdc80754e4cddccbc98e5769392.exe]
VirtualAllocEx(C:\Users\samod\Documents\SJSU Project\Binaries\release_malicia_1.0\binaries_RELEASE1.0\002c3a4a12eb9cdc80754e4cddccbc98e5769392.exe, MEM_COMMIT, PAGE_READWRITE, RegionSize=0x0009A028) [c:\users\samod\documents\sjsu project\binaries\release_malicia_1.0\binaries_release1.0\002c3a4a12eb9cdc80754e4cddccbc98e5769392.exe]
VirtualAllocEx(C:\Users\samod\Documents\SJSU Project\Binaries\release_malicia_1.0\binaries_RELEASE1.0\002c3a4a12eb9cdc80754e4cddccbc98e5769392.exe, MEM_COMMIT, PAGE_READWRITE, RegionSize=0x0009C028) [c:\users\samod\documents\sjsu project\binaries\release_malicia_1.0\binaries_release1.0\002c3a4a12eb9cdc80754e4cddccbc98e5769392.exe]
VirtualAllocEx(C:\Users\samod\Documents\SJSU Project\Binaries\release_malicia_1.0\binaries_RELEASE1.0\002c3a4a12eb9cdc80754e4cddccbc98e5769392.exe, MEM_COMMIT, PAGE_READWRITE, RegionSize=0x0009E028) [c:\users\samod\documents\sjsu project\binaries\release_malicia_1.0\binaries_release1.0\002c3a4a12eb9cdc80754e4cddccbc98e5769392.exe]
VirtualAllocEx(C:\Users\samod\Documents\SJSU Project\Binaries\release_malicia_1.0\binaries_RELEASE1.0\002c3a4a12eb9cdc80754e4cddccbc98e5769392.exe, MEM_COMMIT, PAGE_READWRITE, RegionSize=0x0009D028) [c:\users\samod\documents\sjsu project\binaries\release_malicia_1.0\binaries_release1.0\002c3a4a12eb9cdc80754e4cddccbc98e5769392.exe]
VirtualAllocEx(C:\Users\samod\Documents\SJSU Project\Binaries\release_malicia_1.0\binaries_RELEASE1.0\002c3a4a12eb9cdc80754e4cddccbc98e5769392.exe, MEM_COMMIT, PAGE_READWRITE, RegionSize=0x000A1028) [c:\users\samod\documents\sjsu project\binaries\release_malicia_1.0\binaries_release1.0\002c3a4a12eb9cdc80754e4cddccbc98e5769392.exe]
VirtualAllocEx(C:\Users\samod\Documents\SJSU Project\Binaries\release_malicia_1.0\binaries_RELEASE1.0\002c3a4a12eb9cdc80754e4cddccbc98e5769392.exe, MEM_COMMIT, PAGE_READWRITE, RegionSize=0x000AE028) [c:\users\samod\documents\sjsu project\binaries\release_malicia_1.0\binaries_release1.0\002c3a4a12eb9cdc80754e4cddccbc98e5769392.exe]
VirtualAllocEx(C:\Users\samod\Documents\SJSU Project\Binaries\release_malicia_1.0\binaries_RELEASE1.0\002c3a4a12eb9cdc80754e4cddccbc98e5769392.exe, MEM_COMMIT, PAGE_READWRITE, RegionSize=0x000A5028) [c:\users\samod\documents\sjsu project\binaries\release_malicia_1.0\binaries_release1.0\002c3a4a12eb9cdc80754e4cddccbc98e5769392.exe]
VirtualAllocEx(C:\Users\samod\Documents\SJSU Project\Binaries\release_malicia_1.0\binaries_RELEASE1.0\002c3a4a12eb9cdc80754e4cddccbc98e5769392.exe, MEM_COMMIT, PAGE_READWRITE, RegionSize=0x000B1028) [c:\users\samod\documents\sjsu project\binaries\release_malicia_1.0\binaries_release1.0\002c3a4a12eb9cdc80754e4cddccbc98e5769392.exe]
VirtualAllocEx(C:\Users\samod\Documents\SJSU Project\Binaries\release_malicia_1.0\binaries_RELEASE1.0\002c3a4a12eb9cdc80754e4cddccbc98e5769392.exe, MEM_COMMIT, PAGE_READWRITE, RegionSize=0x000A9028) [c:\users\samod\documents\sjsu project\binaries\release_malicia_1.0\binaries_release1.0\002c3a4a12eb9cdc80754e4cddccbc98e5769392.exe]
VirtualAllocEx(C:\Users\samod\Documents\SJSU Project\Binaries\release_malicia_1.0\binaries_RELEASE1.0\002c3a4a12eb9cdc80754e4cddccbc98e5769392.exe, MEM_COMMIT, PAGE_READWRITE, RegionSize=0x000AD028) [c:\users\samod\documents\sjsu project\binaries\release_malicia_1.0\binaries_release1.0\002c3a4a12eb9cdc80754e4cddccbc98e5769392.exe]
VirtualAllocEx(C:\Users\samod\Documents\SJSU Project\Binaries\release_malicia_1.0\binaries_RELEASE1.0\002c3a4a12eb9cdc80754e4cddccbc98e5769392.exe, MEM_COMMIT, PAGE_READWRITE, RegionSize=0x000AF028) [c:\users\samod\documents\sjsu project\binaries\release_malicia_1.0\binaries_release1.0\002c3a4a12eb9cdc80754e4cddccbc98e5769392.exe]
VirtualAllocEx(C:\Users\samod\Documents\SJSU Project\Binaries\release_malicia_1.0\binaries_RELEASE1.0\002c3a4a12eb9cdc80754e4cddccbc98e5769392.exe, MEM_COMMIT, PAGE_READWRITE, RegionSize=0x000B7028) [c:\users\samod\documents\sjsu project\binaries\release_malicia_1.0\binaries_release1.0\002c3a4a12eb9cdc80754e4cddccbc98e5769392.exe]
VirtualAllocEx(C:\Users\samod\Documents\SJSU Project\Binaries\release_malicia_1.0\binaries_RELEASE1.0\002c3a4a12eb9cdc80754e4cddccbc98e5769392.exe, MEM_COMMIT, PAGE_READWRITE, RegionSize=0x000C4028) [c:\users\samod\documents\sjsu project\binaries\release_malicia_1.0\binaries_release1.0\002c3a4a12eb9cdc80754e4cddccbc98e5769392.exe]
VirtualAllocEx(C:\Users\samod\Documents\SJSU Project\Binaries\release_malicia_1.0\binaries_RELEASE1.0\002c3a4a12eb9cdc80754e4cddccbc98e5769392.exe, MEM_COMMIT, PAGE_READWRITE, RegionSize=0x000BB028) [c:\users\samod\documents\sjsu project\binaries\release_malicia_1.0\binaries_release1.0\002c3a4a12eb9cdc80754e4cddccbc98e5769392.exe]
VirtualAllocEx(C:\Users\samod\Documents\SJSU Project\Binaries\release_malicia_1.0\binaries_RELEASE1.0\002c3a4a12eb9cdc80754e4cddccbc98e5769392.exe, MEM_COMMIT, PAGE_READWRITE, RegionSize=0x000BF028) [c:\users\samod\documents\sjsu project\binaries\release_malicia_1.0\binaries_release1.0\002c3a4a12eb9cdc80754e4cddccbc98e5769392.exe]
VirtualAllocEx(C:\Users\samod\Documents\SJSU Project\Binaries\release_malicia_1.0\binaries_RELEASE1.0\002c3a4a12eb9cdc80754e4cddccbc98e5769392.exe, MEM_COMMIT, PAGE_READWRITE, RegionSize=0x000CC028) [c:\users\samod\documents\sjsu project\binaries\release_malicia_1.0\binaries_release1.0\002c3a4a12eb9cdc80754e4cddccbc98e5769392.exe]
VirtualAllocEx(C:\Users\samod\Documents\SJSU Project\Binaries\release_malicia_1.0\binaries_RELEASE1.0\002c3a4a12eb9cdc80754e4cddccbc98e5769392.exe, MEM_COMMIT, PAGE_READWRITE, RegionSize=0x000C1028) [c:\users\samod\documents\sjsu project\binaries\release_malicia_1.0\binaries_release1.0\002c3a4a12eb9cdc80754e4cddccbc98e5769392.exe]
VirtualAllocEx(C:\Users\samod\Documents\SJSU Project\Binaries\release_malicia_1.0\binaries_RELEASE1.0\002c3a4a12eb9cdc80754e4cddccbc98e5769392.exe, MEM_COMMIT, PAGE_READWRITE, RegionSize=0x000C9028) [c:\users\samod\documents\sjsu project\binaries\release_malicia_1.0\binaries_release1.0\002c3a4a12eb9cdc80754e4cddccbc98e5769392.exe]
VirtualAllocEx(C:\Users\samod\Documents\SJSU Project\Binaries\release_malicia_1.0\binaries_RELEASE1.0\002c3a4a12eb9cdc80754e4cddccbc98e5769392.exe, MEM_COMMIT, PAGE_READWRITE, RegionSize=0x000CA028) [c:\users\samod\documents\sjsu project\binaries\release_malicia_1.0\binaries_release1.0\002c3a4a12eb9cdc80754e4cddccbc98e5769392.exe]
VirtualAllocEx(C:\Users\samod\Documents\SJSU Project\Binaries\release_malicia_1.0\binaries_RELEASE1.0\002c3a4a12eb9cdc80754e4cddccbc98e5769392.exe, MEM_COMMIT, PAGE_READWRITE, RegionSize=0x000C5028) [c:\users\samod\documents\sjsu project\binaries\release_malicia_1.0\binaries_release1.0\002c3a4a12eb9cdc80754e4cddccbc98e5769392.exe]
VirtualAllocEx(C:\Users\samod\Documents\SJSU Project\Binaries\release_malicia_1.0\binaries_RELEASE1.0\002c3a4a12eb9cdc80754e4cddccbc98e5769392.exe, MEM_COMMIT, PAGE_READWRITE, RegionSize=0x000D2028) [c:\users\samod\documents\sjsu project\binaries\release_malicia_1.0\binaries_release1.0\002c3a4a12eb9cdc80754e4cddccbc98e5769392.exe]
VirtualAllocEx(C:\Users\samod\Documents\SJSU Project\Binaries\release_malicia_1.0\binaries_RELEASE1.0\002c3a4a12eb9cdc80754e4cddccbc98e5769392.exe, MEM_COMMIT, PAGE_READWRITE, RegionSize=0x000D0028) [c:\users\samod\documents\sjsu project\binaries\release_malicia_1.0\binaries_release1.0\002c3a4a12eb9cdc80754e4cddccbc98e5769392.exe]
VirtualAllocEx(C:\Users\samod\Documents\SJSU Project\Binaries\release_malicia_1.0\binaries_RELEASE1.0\002c3a4a12eb9cdc80754e4cddccbc98e5769392.exe, MEM_COMMIT, PAGE_READWRITE, RegionSize=0x000CE028) [c:\users\samod\documents\sjsu project\binaries\release_malicia_1.0\binaries_release1.0\002c3a4a12eb9cdc80754e4cddccbc98e5769392.exe]
VirtualAllocEx(C:\Users\samod\Documents\SJSU Project\Binaries\release_malicia_1.0\binaries_RELEASE1.0\002c3a4a12eb9cdc80754e4cddccbc98e5769392.exe, MEM_COMMIT, PAGE_READWRITE, RegionSize=0x000D8028) [c:\users\samod\documents\sjsu project\binaries\release_malicia_1.0\binaries_release1.0\002c3a4a12eb9cdc80754e4cddccbc98e5769392.exe]
VirtualAllocEx(C:\Users\samod\Documents\SJSU Project\Binaries\release_malicia_1.0\binaries_RELEASE1.0\002c3a4a12eb9cdc80754e4cddccbc98e5769392.exe, MEM_COMMIT, PAGE_READWRITE, RegionSize=0x000D6028) [c:\users\samod\documents\sjsu project\binaries\release_malicia_1.0\binaries_release1.0\002c3a4a12eb9cdc80754e4cddccbc98e5769392.exe]
VirtualAllocEx(C:\Users\samod\Documents\SJSU Project\Binaries\release_malicia_1.0\binaries_RELEASE1.0\002c3a4a12eb9cdc80754e4cddccbc98e5769392.exe, MEM_COMMIT, PAGE_READWRITE, RegionSize=0x000D4028) [c:\users\samod\documents\sjsu project\binaries\release_malicia_1.0\binaries_release1.0\002c3a4a12eb9cdc80754e4cddccbc98e5769392.exe]
VirtualAllocEx(C:\Users\samod\Documents\SJSU Project\Binaries\release_malicia_1.0\binaries_RELEASE1.0\002c3a4a12eb9cdc80754e4cddccbc98e5769392.exe, MEM_COMMIT, PAGE_READWRITE, RegionSize=0x000D9028) [c:\users\samod\documents\sjsu project\binaries\release_malicia_1.0\binaries_release1.0\002c3a4a12eb9cdc80754e4cddccbc98e5769392.exe]
VirtualAllocEx(C:\Users\samod\Documents\SJSU Project\Binaries\release_malicia_1.0\binaries_RELEASE1.0\002c3a4a12eb9cdc80754e4cddccbc98e5769392.exe, MEM_COMMIT, PAGE_READWRITE, RegionSize=0x000D5028) [c:\users\samod\documents\sjsu project\binaries\release_malicia_1.0\binaries_release1.0\002c3a4a12eb9cdc80754e4cddccbc98e5769392.exe]
VirtualAllocEx(C:\Users\samod\Documents\SJSU Project\Binaries\release_malicia_1.0\binaries_RELEASE1.0\002c3a4a12eb9cdc80754e4cddccbc98e5769392.exe, MEM_COMMIT, PAGE_READWRITE, RegionSize=0x000DC028) [c:\users\samod\documents\sjsu project\binaries\release_malicia_1.0\binaries_release1.0\002c3a4a12eb9cdc80754e4cddccbc98e5769392.exe]
VirtualAllocEx(C:\Users\samod\Documents\SJSU Project\Binaries\release_malicia_1.0\binaries_RELEASE1.0\002c3a4a12eb9cdc80754e4cddccbc98e5769392.exe, MEM_COMMIT, PAGE_READWRITE, RegionSize=0x000D1028) [c:\users\samod\documents\sjsu project\binaries\release_malicia_1.0\binaries_release1.0\002c3a4a12eb9cdc80754e4cddccbc98e5769392.exe]
VirtualAllocEx(C:\Users\samod\Documents\SJSU Project\Binaries\release_malicia_1.0\binaries_RELEASE1.0\002c3a4a12eb9cdc80754e4cddccbc98e5769392.exe, MEM_COMMIT, PAGE_READWRITE, RegionSize=0x000D7028) [c:\users\samod\documents\sjsu project\binaries\release_malicia_1.0\binaries_release1.0\002c3a4a12eb9cdc80754e4cddccbc98e5769392.exe]
VirtualAllocEx(C:\Users\samod\Documents\SJSU Project\Binaries\release_malicia_1.0\binaries_RELEASE1.0\002c3a4a12eb9cdc80754e4cddccbc98e5769392.exe, MEM_COMMIT, PAGE_READWRITE, RegionSize=0x000E0028) [c:\users\samod\documents\sjsu project\binaries\release_malicia_1.0\binaries_release1.0\002c3a4a12eb9cdc80754e4cddccbc98e5769392.exe]
VirtualAllocEx(C:\Users\samod\Documents\SJSU Project\Binaries\release_malicia_1.0\binaries_RELEASE1.0\002c3a4a12eb9cdc80754e4cddccbc98e5769392.exe, MEM_COMMIT, PAGE_READWRITE, RegionSize=0x000E1028) [c:\users\samod\documents\sjsu project\binaries\release_malicia_1.0\binaries_release1.0\002c3a4a12eb9cdc80754e4cddccbc98e5769392.exe]
VirtualAllocEx(C:\Users\samod\Documents\SJSU Project\Binaries\release_malicia_1.0\binaries_RELEASE1.0\002c3a4a12eb9cdc80754e4cddccbc98e5769392.exe, MEM_COMMIT, PAGE_READWRITE, RegionSize=0x000DE028) [c:\users\samod\documents\sjsu project\binaries\release_malicia_1.0\binaries_release1.0\002c3a4a12eb9cdc80754e4cddccbc98e5769392.exe]
VirtualAllocEx(C:\Users\samod\Documents\SJSU Project\Binaries\release_malicia_1.0\binaries_RELEASE1.0\002c3a4a12eb9cdc80754e4cddccbc98e5769392.exe, MEM_COMMIT, PAGE_READWRITE, RegionSize=0x000E3028) [c:\users\samod\documents\sjsu project\binaries\release_malicia_1.0\binaries_release1.0\002c3a4a12eb9cdc80754e4cddccbc98e5769392.exe]
VirtualAllocEx(C:\Users\samod\Documents\SJSU Project\Binaries\release_malicia_1.0\binaries_RELEASE1.0\002c3a4a12eb9cdc80754e4cddccbc98e5769392.exe, MEM_COMMIT, PAGE_READWRITE, RegionSize=0x000DF028) [c:\users\samod\documents\sjsu project\binaries\release_malicia_1.0\binaries_release1.0\002c3a4a12eb9cdc80754e4cddccbc98e5769392.exe]
VirtualAllocEx(C:\Users\samod\Documents\SJSU Project\Binaries\release_malicia_1.0\binaries_RELEASE1.0\002c3a4a12eb9cdc80754e4cddccbc98e5769392.exe, MEM_COMMIT, PAGE_READWRITE, RegionSize=0x000E9028) [c:\users\samod\documents\sjsu project\binaries\release_malicia_1.0\binaries_release1.0\002c3a4a12eb9cdc80754e4cddccbc98e5769392.exe]
VirtualAllocEx(C:\Users\samod\Documents\SJSU Project\Binaries\release_malicia_1.0\binaries_RELEASE1.0\002c3a4a12eb9cdc80754e4cddccbc98e5769392.exe, MEM_COMMIT, PAGE_READWRITE, RegionSize=0x000E8028) [c:\users\samod\documents\sjsu project\binaries\release_malicia_1.0\binaries_release1.0\002c3a4a12eb9cdc80754e4cddccbc98e5769392.exe]
VirtualAllocEx(C:\Users\samod\Documents\SJSU Project\Binaries\release_malicia_1.0\binaries_RELEASE1.0\002c3a4a12eb9cdc80754e4cddccbc98e5769392.exe, MEM_COMMIT, PAGE_READWRITE, RegionSize=0x000ED028) [c:\users\samod\documents\sjsu project\binaries\release_malicia_1.0\binaries_release1.0\002c3a4a12eb9cdc80754e4cddccbc98e5769392.exe]
VirtualAllocEx(C:\Users\samod\Documents\SJSU Project\Binaries\release_malicia_1.0\binaries_RELEASE1.0\002c3a4a12eb9cdc80754e4cddccbc98e5769392.exe, MEM_COMMIT, PAGE_READWRITE, RegionSize=0x000E4028) [c:\users\samod\documents\sjsu project\binaries\release_malicia_1.0\binaries_release1.0\002c3a4a12eb9cdc80754e4cddccbc98e5769392.exe]
VirtualAllocEx(C:\Users\samod\Documents\SJSU Project\Binaries\release_malicia_1.0\binaries_RELEASE1.0\002c3a4a12eb9cdc80754e4cddccbc98e5769392.exe, MEM_COMMIT, PAGE_READWRITE, RegionSize=0x000E5028) [c:\users\samod\documents\sjsu project\binaries\release_malicia_1.0\binaries_release1.0\002c3a4a12eb9cdc80754e4cddccbc98e5769392.exe]
VirtualAllocEx(C:\Users\samod\Documents\SJSU Project\Binaries\release_malicia_1.0\binaries_RELEASE1.0\002c3a4a12eb9cdc80754e4cddccbc98e5769392.exe, MEM_COMMIT, PAGE_READWRITE, RegionSize=0x000F0028) [c:\users\samod\documents\sjsu project\binaries\release_malicia_1.0\binaries_release1.0\002c3a4a12eb9cdc80754e4cddccbc98e5769392.exe]
VirtualAllocEx(C:\Users\samod\Documents\SJSU Project\Binaries\release_malicia_1.0\binaries_RELEASE1.0\002c3a4a12eb9cdc80754e4cddccbc98e5769392.exe, MEM_COMMIT, PAGE_READWRITE, RegionSize=0x000F1028) [c:\users\samod\documents\sjsu project\binaries\release_malicia_1.0\binaries_release1.0\002c3a4a12eb9cdc80754e4cddccbc98e5769392.exe]
VirtualAllocEx(C:\Users\samod\Documents\SJSU Project\Binaries\release_malicia_1.0\binaries_RELEASE1.0\002c3a4a12eb9cdc80754e4cddccbc98e5769392.exe, MEM_COMMIT, PAGE_READWRITE, RegionSize=0x000EF028) [c:\users\samod\documents\sjsu project\binaries\release_malicia_1.0\binaries_release1.0\002c3a4a12eb9cdc80754e4cddccbc98e5769392.exe]
VirtualAllocEx(C:\Users\samod\Documents\SJSU Project\Binaries\release_malicia_1.0\binaries_RELEASE1.0\002c3a4a12eb9cdc80754e4cddccbc98e5769392.exe, MEM_COMMIT, PAGE_READWRITE, RegionSize=0x000F3028) [c:\users\samod\documents\sjsu project\binaries\release_malicia_1.0\binaries_release1.0\002c3a4a12eb9cdc80754e4cddccbc98e5769392.exe]
VirtualAllocEx(C:\Users\samod\Documents\SJSU Project\Binaries\release_malicia_1.0\binaries_RELEASE1.0\002c3a4a12eb9cdc80754e4cddccbc98e5769392.exe, MEM_COMMIT, PAGE_READWRITE, RegionSize=0x000EA028) [c:\users\samod\documents\sjsu project\binaries\release_malicia_1.0\binaries_release1.0\002c3a4a12eb9cdc80754e4cddccbc98e5769392.exe]
VirtualAllocEx(C:\Users\samod\Documents\SJSU Project\Binaries\release_malicia_1.0\binaries_RELEASE1.0\002c3a4a12eb9cdc80754e4cddccbc98e5769392.exe, MEM_COMMIT, PAGE_READWRITE, RegionSize=0x000F5028) [c:\users\samod\documents\sjsu project\binaries\release_malicia_1.0\binaries_release1.0\002c3a4a12eb9cdc80754e4cddccbc98e5769392.exe]
VirtualAllocEx(C:\Users\samod\Documents\SJSU Project\Binaries\release_malicia_1.0\binaries_RELEASE1.0\002c3a4a12eb9cdc80754e4cddccbc98e5769392.exe, MEM_COMMIT, PAGE_READWRITE, RegionSize=0x000EB028) [c:\users\samod\documents\sjsu project\binaries\release_malicia_1.0\binaries_release1.0\002c3a4a12eb9cdc80754e4cddccbc98e5769392.exe]
VirtualAllocEx(C:\Users\samod\Documents\SJSU Project\Binaries\release_malicia_1.0\binaries_RELEASE1.0\002c3a4a12eb9cdc80754e4cddccbc98e5769392.exe, MEM_COMMIT, PAGE_READWRITE, RegionSize=0x000F4028) [c:\users\samod\documents\sjsu project\binaries\release_malicia_1.0\binaries_release1.0\002c3a4a12eb9cdc80754e4cddccbc98e5769392.exe]
VirtualAllocEx(C:\Users\samod\Documents\SJSU Project\Binaries\release_malicia_1.0\binaries_RELEASE1.0\002c3a4a12eb9cdc80754e4cddccbc98e5769392.exe, MEM_COMMIT, PAGE_READWRITE, RegionSize=0x000F9028) [c:\users\samod\documents\sjsu project\binaries\release_malicia_1.0\binaries_release1.0\002c3a4a12eb9cdc80754e4cddccbc98e5769392.exe]
VirtualAllocEx(C:\Users\samod\Documents\SJSU Project\Binaries\release_malicia_1.0\binaries_RELEASE1.0\002c3a4a12eb9cdc80754e4cddccbc98e5769392.exe, MEM_COMMIT, PAGE_READWRITE, RegionSize=0x000F8028) [c:\users\samod\documents\sjsu project\binaries\release_malicia_1.0\binaries_release1.0\002c3a4a12eb9cdc80754e4cddccbc98e5769392.exe]
VirtualAllocEx(C:\Users\samod\Documents\SJSU Project\Binaries\release_malicia_1.0\binaries_RELEASE1.0\002c3a4a12eb9cdc80754e4cddccbc98e5769392.exe, MEM_COMMIT, PAGE_READWRITE, RegionSize=0x00100028) [c:\users\samod\documents\sjsu project\binaries\release_malicia_1.0\binaries_release1.0\002c3a4a12eb9cdc80754e4cddccbc98e5769392.exe]
VirtualAllocEx(C:\Users\samod\Documents\SJSU Project\Binaries\release_malicia_1.0\binaries_RELEASE1.0\002c3a4a12eb9cdc80754e4cddccbc98e5769392.exe, MEM_COMMIT, PAGE_READWRITE, RegionSize=0x000FB028) [c:\users\samod\documents\sjsu project\binaries\release_malicia_1.0\binaries_release1.0\002c3a4a12eb9cdc80754e4cddccbc98e5769392.exe]
VirtualAllocEx(C:\Users\samod\Documents\SJSU Project\Binaries\release_malicia_1.0\binaries_RELEASE1.0\002c3a4a12eb9cdc80754e4cddccbc98e5769392.exe, MEM_COMMIT, PAGE_READWRITE, RegionSize=0x00103028) [c:\users\samod\documents\sjsu project\binaries\release_malicia_1.0\binaries_release1.0\002c3a4a12eb9cdc80754e4cddccbc98e5769392.exe]
VirtualAllocEx(C:\Users\samod\Documents\SJSU Project\Binaries\release_malicia_1.0\binaries_RELEASE1.0\002c3a4a12eb9cdc80754e4cddccbc98e5769392.exe, MEM_COMMIT, PAGE_READWRITE, RegionSize=0x00105028) [c:\users\samod\documents\sjsu project\binaries\release_malicia_1.0\binaries_release1.0\002c3a4a12eb9cdc80754e4cddccbc98e5769392.exe]
VirtualAllocEx(C:\Users\samod\Documents\SJSU Project\Binaries\release_malicia_1.0\binaries_RELEASE1.0\002c3a4a12eb9cdc80754e4cddccbc98e5769392.exe, MEM_COMMIT, PAGE_READWRITE, RegionSize=0x000FA028) [c:\users\samod\documents\sjsu project\binaries\release_malicia_1.0\binaries_release1.0\002c3a4a12eb9cdc80754e4cddccbc98e5769392.exe]
VirtualAllocEx(C:\Users\samod\Documents\SJSU Project\Binaries\release_malicia_1.0\binaries_RELEASE1.0\002c3a4a12eb9cdc80754e4cddccbc98e5769392.exe, MEM_COMMIT, PAGE_READWRITE, RegionSize=0x000FF028) [c:\users\samod\documents\sjsu project\binaries\release_malicia_1.0\binaries_release1.0\002c3a4a12eb9cdc80754e4cddccbc98e5769392.exe]
VirtualAllocEx(C:\Users\samod\Documents\SJSU Project\Binaries\release_malicia_1.0\binaries_RELEASE1.0\002c3a4a12eb9cdc80754e4cddccbc98e5769392.exe, MEM_COMMIT, PAGE_READWRITE, RegionSize=0x000FE028) [c:\users\samod\documents\sjsu project\binaries\release_malicia_1.0\binaries_release1.0\002c3a4a12eb9cdc80754e4cddccbc98e5769392.exe]
VirtualAllocEx(C:\Users\samod\Documents\SJSU Project\Binaries\release_malicia_1.0\binaries_RELEASE1.0\002c3a4a12eb9cdc80754e4cddccbc98e5769392.exe, MEM_COMMIT, PAGE_READWRITE, RegionSize=0x00102028) [c:\users\samod\documents\sjsu project\binaries\release_malicia_1.0\binaries_release1.0\002c3a4a12eb9cdc80754e4cddccbc98e5769392.exe]
VirtualAllocEx(C:\Users\samod\Documents\SJSU Project\Binaries\release_malicia_1.0\binaries_RELEASE1.0\002c3a4a12eb9cdc80754e4cddccbc98e5769392.exe, MEM_COMMIT, PAGE_READWRITE, RegionSize=0x00106028) [c:\users\samod\documents\sjsu project\binaries\release_malicia_1.0\binaries_release1.0\002c3a4a12eb9cdc80754e4cddccbc98e5769392.exe]
VirtualAllocEx(C:\Users\samod\Documents\SJSU Project\Binaries\release_malicia_1.0\binaries_RELEASE1.0\002c3a4a12eb9cdc80754e4cddccbc98e5769392.exe, MEM_COMMIT, PAGE_READWRITE, RegionSize=0x00101028) [c:\users\samod\documents\sjsu project\binaries\release_malicia_1.0\binaries_release1.0\002c3a4a12eb9cdc80754e4cddccbc98e5769392.exe]
VirtualAllocEx(C:\Users\samod\Documents\SJSU Project\Binaries\release_malicia_1.0\binaries_RELEASE1.0\002c3a4a12eb9cdc80754e4cddccbc98e5769392.exe, MEM_COMMIT, PAGE_READWRITE, RegionSize=0x00108028) [c:\users\samod\documents\sjsu project\binaries\release_malicia_1.0\binaries_release1.0\002c3a4a12eb9cdc80754e4cddccbc98e5769392.exe]
VirtualAllocEx(C:\Users\samod\Documents\SJSU Project\Binaries\release_malicia_1.0\binaries_RELEASE1.0\002c3a4a12eb9cdc80754e4cddccbc98e5769392.exe, MEM_COMMIT, PAGE_READWRITE, RegionSize=0x0010C028) [c:\users\samod\documents\sjsu project\binaries\release_malicia_1.0\binaries_release1.0\002c3a4a12eb9cdc80754e4cddccbc98e5769392.exe]
VirtualAllocEx(C:\Users\samod\Documents\SJSU Project\Binaries\release_malicia_1.0\binaries_RELEASE1.0\002c3a4a12eb9cdc80754e4cddccbc98e5769392.exe, MEM_COMMIT, PAGE_READWRITE, RegionSize=0x00112028) [c:\users\samod\documents\sjsu project\binaries\release_malicia_1.0\binaries_release1.0\002c3a4a12eb9cdc80754e4cddccbc98e5769392.exe]
VirtualAllocEx(C:\Users\samod\Documents\SJSU Project\Binaries\release_malicia_1.0\binaries_RELEASE1.0\002c3a4a12eb9cdc80754e4cddccbc98e5769392.exe, MEM_COMMIT, PAGE_READWRITE, RegionSize=0x00107028) [c:\users\samod\documents\sjsu project\binaries\release_malicia_1.0\binaries_release1.0\002c3a4a12eb9cdc80754e4cddccbc98e5769392.exe]
VirtualAllocEx(C:\Users\samod\Documents\SJSU Project\Binaries\release_malicia_1.0\binaries_RELEASE1.0\002c3a4a12eb9cdc80754e4cddccbc98e5769392.exe, MEM_COMMIT, PAGE_READWRITE, RegionSize=0x0010E028) [c:\users\samod\documents\sjsu project\binaries\release_malicia_1.0\binaries_release1.0\002c3a4a12eb9cdc80754e4cddccbc98e5769392.exe]
VirtualAllocEx(C:\Users\samod\Documents\SJSU Project\Binaries\release_malicia_1.0\binaries_RELEASE1.0\002c3a4a12eb9cdc80754e4cddccbc98e5769392.exe, MEM_COMMIT, PAGE_READWRITE, RegionSize=0x00111028) [c:\users\samod\documents\sjsu project\binaries\release_malicia_1.0\binaries_release1.0\002c3a4a12eb9cdc80754e4cddccbc98e5769392.exe]
VirtualAllocEx(C:\Users\samod\Documents\SJSU Project\Binaries\release_malicia_1.0\binaries_RELEASE1.0\002c3a4a12eb9cdc80754e4cddccbc98e5769392.exe, MEM_COMMIT, PAGE_READWRITE, RegionSize=0x00113028) [c:\users\samod\documents\sjsu project\binaries\release_malicia_1.0\binaries_release1.0\002c3a4a12eb9cdc80754e4cddccbc98e5769392.exe]
VirtualAllocEx(C:\Users\samod\Documents\SJSU Project\Binaries\release_malicia_1.0\binaries_RELEASE1.0\002c3a4a12eb9cdc80754e4cddccbc98e5769392.exe, MEM_COMMIT, PAGE_READWRITE, RegionSize=0x0010B028) [c:\users\samod\documents\sjsu project\binaries\release_malicia_1.0\binaries_release1.0\002c3a4a12eb9cdc80754e4cddccbc98e5769392.exe]
VirtualAllocEx(C:\Users\samod\Documents\SJSU Project\Binaries\release_malicia_1.0\binaries_RELEASE1.0\002c3a4a12eb9cdc80754e4cddccbc98e5769392.exe, MEM_COMMIT, PAGE_READWRITE, RegionSize=0x00119028) [c:\users\samod\documents\sjsu project\binaries\release_malicia_1.0\binaries_release1.0\002c3a4a12eb9cdc80754e4cddccbc98e5769392.exe]
VirtualAllocEx(C:\Users\samod\Documents\SJSU Project\Binaries\release_malicia_1.0\binaries_RELEASE1.0\002c3a4a12eb9cdc80754e4cddccbc98e5769392.exe, MEM_COMMIT, PAGE_READWRITE, RegionSize=0x00118028) [c:\users\samod\documents\sjsu project\binaries\release_malicia_1.0\binaries_release1.0\002c3a4a12eb9cdc80754e4cddccbc98e5769392.exe]
VirtualAllocEx(C:\Users\samod\Documents\SJSU Project\Binaries\release_malicia_1.0\binaries_RELEASE1.0\002c3a4a12eb9cdc80754e4cddccbc98e5769392.exe, MEM_COMMIT, PAGE_READWRITE, RegionSize=0x0010F028) [c:\users\samod\documents\sjsu project\binaries\release_malicia_1.0\binaries_release1.0\002c3a4a12eb9cdc80754e4cddccbc98e5769392.exe]
VirtualAllocEx(C:\Users\samod\Documents\SJSU Project\Binaries\release_malicia_1.0\binaries_RELEASE1.0\002c3a4a12eb9cdc80754e4cddccbc98e5769392.exe, MEM_COMMIT, PAGE_READWRITE, RegionSize=0x0011F028) [c:\users\samod\documents\sjsu project\binaries\release_malicia_1.0\binaries_release1.0\002c3a4a12eb9cdc80754e4cddccbc98e5769392.exe]
VirtualAllocEx(C:\Users\samod\Documents\SJSU Project\Binaries\release_malicia_1.0\binaries_RELEASE1.0\002c3a4a12eb9cdc80754e4cddccbc98e5769392.exe, MEM_COMMIT, PAGE_READWRITE, RegionSize=0x0011E028) [c:\users\samod\documents\sjsu project\binaries\release_malicia_1.0\binaries_release1.0\002c3a4a12eb9cdc80754e4cddccbc98e5769392.exe]
VirtualAllocEx(C:\Users\samod\Documents\SJSU Project\Binaries\release_malicia_1.0\binaries_RELEASE1.0\002c3a4a12eb9cdc80754e4cddccbc98e5769392.exe, MEM_COMMIT, PAGE_READWRITE, RegionSize=0x0011A028) [c:\users\samod\documents\sjsu project\binaries\release_malicia_1.0\binaries_release1.0\002c3a4a12eb9cdc80754e4cddccbc98e5769392.exe]
VirtualAllocEx(C:\Users\samod\Documents\SJSU Project\Binaries\release_malicia_1.0\binaries_RELEASE1.0\002c3a4a12eb9cdc80754e4cddccbc98e5769392.exe, MEM_COMMIT, PAGE_READWRITE, RegionSize=0x00121028) [c:\users\samod\documents\sjsu project\binaries\release_malicia_1.0\binaries_release1.0\002c3a4a12eb9cdc80754e4cddccbc98e5769392.exe]
VirtualAllocEx(C:\Users\samod\Documents\SJSU Project\Binaries\release_malicia_1.0\binaries_RELEASE1.0\002c3a4a12eb9cdc80754e4cddccbc98e5769392.exe, MEM_COMMIT, PAGE_READWRITE, RegionSize=0x0011C028) [c:\users\samod\documents\sjsu project\binaries\release_malicia_1.0\binaries_release1.0\002c3a4a12eb9cdc80754e4cddccbc98e5769392.exe]
VirtualAllocEx(C:\Users\samod\Documents\SJSU Project\Binaries\release_malicia_1.0\binaries_RELEASE1.0\002c3a4a12eb9cdc80754e4cddccbc98e5769392.exe, MEM_COMMIT, PAGE_READWRITE, RegionSize=0x00122028) [c:\users\samod\documents\sjsu project\binaries\release_malicia_1.0\binaries_release1.0\002c3a4a12eb9cdc80754e4cddccbc98e5769392.exe]
VirtualAllocEx(C:\Users\samod\Documents\SJSU Project\Binaries\release_malicia_1.0\binaries_RELEASE1.0\002c3a4a12eb9cdc80754e4cddccbc98e5769392.exe, MEM_COMMIT, PAGE_READWRITE, RegionSize=0x00123028) [c:\users\samod\documents\sjsu project\binaries\release_malicia_1.0\binaries_release1.0\002c3a4a12eb9cdc80754e4cddccbc98e5769392.exe]
VirtualAllocEx(C:\Users\samod\Documents\SJSU Project\Binaries\release_malicia_1.0\binaries_RELEASE1.0\002c3a4a12eb9cdc80754e4cddccbc98e5769392.exe, MEM_COMMIT, PAGE_READWRITE, RegionSize=0x0011D028) [c:\users\samod\documents\sjsu project\binaries\release_malicia_1.0\binaries_release1.0\002c3a4a12eb9cdc80754e4cddccbc98e5769392.exe]
VirtualAllocEx(C:\Users\samod\Documents\SJSU Project\Binaries\release_malicia_1.0\binaries_RELEASE1.0\002c3a4a12eb9cdc80754e4cddccbc98e5769392.exe, MEM_COMMIT, PAGE_READWRITE, RegionSize=0x00127028) [c:\users\samod\documents\sjsu project\binaries\release_malicia_1.0\binaries_release1.0\002c3a4a12eb9cdc80754e4cddccbc98e5769392.exe]
VirtualAllocEx(C:\Users\samod\Documents\SJSU Project\Binaries\release_malicia_1.0\binaries_RELEASE1.0\002c3a4a12eb9cdc80754e4cddccbc98e5769392.exe, MEM_COMMIT, PAGE_READWRITE, RegionSize=0x00128028) [c:\users\samod\documents\sjsu project\binaries\release_malicia_1.0\binaries_release1.0\002c3a4a12eb9cdc80754e4cddccbc98e5769392.exe]
VirtualAllocEx(C:\Users\samod\Documents\SJSU Project\Binaries\release_malicia_1.0\binaries_RELEASE1.0\002c3a4a12eb9cdc80754e4cddccbc98e5769392.exe, MEM_COMMIT, PAGE_READWRITE, RegionSize=0x0012F028) [c:\users\samod\documents\sjsu project\binaries\release_malicia_1.0\binaries_release1.0\002c3a4a12eb9cdc80754e4cddccbc98e5769392.exe]
VirtualAllocEx(C:\Users\samod\Documents\SJSU Project\Binaries\release_malicia_1.0\binaries_RELEASE1.0\002c3a4a12eb9cdc80754e4cddccbc98e5769392.exe, MEM_COMMIT, PAGE_READWRITE, RegionSize=0x00125028) [c:\users\samod\documents\sjsu project\binaries\release_malicia_1.0\binaries_release1.0\002c3a4a12eb9cdc80754e4cddccbc98e5769392.exe]
VirtualAllocEx(C:\Users\samod\Documents\SJSU Project\Binaries\release_malicia_1.0\binaries_RELEASE1.0\002c3a4a12eb9cdc80754e4cddccbc98e5769392.exe, MEM_COMMIT, PAGE_READWRITE, RegionSize=0x00132028) [c:\users\samod\documents\sjsu project\binaries\release_malicia_1.0\binaries_release1.0\002c3a4a12eb9cdc80754e4cddccbc98e5769392.exe]
VirtualAllocEx(C:\Users\samod\Documents\SJSU Project\Binaries\release_malicia_1.0\binaries_RELEASE1.0\002c3a4a12eb9cdc80754e4cddccbc98e5769392.exe, MEM_COMMIT, PAGE_READWRITE, RegionSize=0x00133028) [c:\users\samod\documents\sjsu project\binaries\release_malicia_1.0\binaries_release1.0\002c3a4a12eb9cdc80754e4cddccbc98e5769392.exe]
VirtualAllocEx(C:\Users\samod\Documents\SJSU Project\Binaries\release_malicia_1.0\binaries_RELEASE1.0\002c3a4a12eb9cdc80754e4cddccbc98e5769392.exe, MEM_COMMIT, PAGE_READWRITE, RegionSize=0x00126028) [c:\users\samod\documents\sjsu project\binaries\release_malicia_1.0\binaries_release1.0\002c3a4a12eb9cdc80754e4cddccbc98e5769392.exe]
VirtualAllocEx(C:\Users\samod\Documents\SJSU Project\Binaries\release_malicia_1.0\binaries_RELEASE1.0\002c3a4a12eb9cdc80754e4cddccbc98e5769392.exe, MEM_COMMIT, PAGE_READWRITE, RegionSize=0x00131028) [c:\users\samod\documents\sjsu project\binaries\release_malicia_1.0\binaries_release1.0\002c3a4a12eb9cdc80754e4cddccbc98e5769392.exe]
VirtualAllocEx(C:\Users\samod\Documents\SJSU Project\Binaries\release_malicia_1.0\binaries_RELEASE1.0\002c3a4a12eb9cdc80754e4cddccbc98e5769392.exe, MEM_COMMIT, PAGE_READWRITE, RegionSize=0x00136028) [c:\users\samod\documents\sjsu project\binaries\release_malicia_1.0\binaries_release1.0\002c3a4a12eb9cdc80754e4cddccbc98e5769392.exe]
VirtualAllocEx(C:\Users\samod\Documents\SJSU Project\Binaries\release_malicia_1.0\binaries_RELEASE1.0\002c3a4a12eb9cdc80754e4cddccbc98e5769392.exe, MEM_COMMIT, PAGE_READWRITE, RegionSize=0x00139028) [c:\users\samod\documents\sjsu project\binaries\release_malicia_1.0\binaries_release1.0\002c3a4a12eb9cdc80754e4cddccbc98e5769392.exe]
VirtualAllocEx(C:\Users\samod\Documents\SJSU Project\Binaries\release_malicia_1.0\binaries_RELEASE1.0\002c3a4a12eb9cdc80754e4cddccbc98e5769392.exe, MEM_COMMIT, PAGE_READWRITE, RegionSize=0x0012D028) [c:\users\samod\documents\sjsu project\binaries\release_malicia_1.0\binaries_release1.0\002c3a4a12eb9cdc80754e4cddccbc98e5769392.exe]
VirtualAllocEx(C:\Users\samod\Documents\SJSU Project\Binaries\release_malicia_1.0\binaries_RELEASE1.0\002c3a4a12eb9cdc80754e4cddccbc98e5769392.exe, MEM_COMMIT, PAGE_READWRITE, RegionSize=0x00135028) [c:\users\samod\documents\sjsu project\binaries\release_malicia_1.0\binaries_release1.0\002c3a4a12eb9cdc80754e4cddccbc98e5769392.exe]
VirtualAllocEx(C:\Users\samod\Documents\SJSU Project\Binaries\release_malicia_1.0\binaries_RELEASE1.0\002c3a4a12eb9cdc80754e4cddccbc98e5769392.exe, MEM_COMMIT, PAGE_READWRITE, RegionSize=0x0013F028) [c:\users\samod\documents\sjsu project\binaries\release_malicia_1.0\binaries_release1.0\002c3a4a12eb9cdc80754e4cddccbc98e5769392.exe]
VirtualAllocEx(C:\Users\samod\Documents\SJSU Project\Binaries\release_malicia_1.0\binaries_RELEASE1.0\002c3a4a12eb9cdc80754e4cddccbc98e5769392.exe, MEM_COMMIT, PAGE_READWRITE, RegionSize=0x00134028) [c:\users\samod\documents\sjsu project\binaries\release_malicia_1.0\binaries_release1.0\002c3a4a12eb9cdc80754e4cddccbc98e5769392.exe]
VirtualAllocEx(C:\Users\samod\Documents\SJSU Project\Binaries\release_malicia_1.0\binaries_RELEASE1.0\002c3a4a12eb9cdc80754e4cddccbc98e5769392.exe, MEM_COMMIT, PAGE_READWRITE, RegionSize=0x00138028) [c:\users\samod\documents\sjsu project\binaries\release_malicia_1.0\binaries_release1.0\002c3a4a12eb9cdc80754e4cddccbc98e5769392.exe]
VirtualAllocEx(C:\Users\samod\Documents\SJSU Project\Binaries\release_malicia_1.0\binaries_RELEASE1.0\002c3a4a12eb9cdc80754e4cddccbc98e5769392.exe, MEM_COMMIT, PAGE_READWRITE, RegionSize=0x00143028) [c:\users\samod\documents\sjsu project\binaries\release_malicia_1.0\binaries_release1.0\002c3a4a12eb9cdc80754e4cddccbc98e5769392.exe]
VirtualAllocEx(C:\Users\samod\Documents\SJSU Project\Binaries\release_malicia_1.0\binaries_RELEASE1.0\002c3a4a12eb9cdc80754e4cddccbc98e5769392.exe, MEM_COMMIT, PAGE_READWRITE, RegionSize=0x00140028) [c:\users\samod\documents\sjsu project\binaries\release_malicia_1.0\binaries_release1.0\002c3a4a12eb9cdc80754e4cddccbc98e5769392.exe]
VirtualAllocEx(C:\Users\samod\Documents\SJSU Project\Binaries\release_malicia_1.0\binaries_RELEASE1.0\002c3a4a12eb9cdc80754e4cddccbc98e5769392.exe, MEM_COMMIT, PAGE_READWRITE, RegionSize=0x00147028) [c:\users\samod\documents\sjsu project\binaries\release_malicia_1.0\binaries_release1.0\002c3a4a12eb9cdc80754e4cddccbc98e5769392.exe]
VirtualAllocEx(C:\Users\samod\Documents\SJSU Project\Binaries\release_malicia_1.0\binaries_RELEASE1.0\002c3a4a12eb9cdc80754e4cddccbc98e5769392.exe, MEM_COMMIT, PAGE_READWRITE, RegionSize=0x00144028) [c:\users\samod\documents\sjsu project\binaries\release_malicia_1.0\binaries_release1.0\002c3a4a12eb9cdc80754e4cddccbc98e5769392.exe]
VirtualAllocEx(C:\Users\samod\Documents\SJSU Project\Binaries\release_malicia_1.0\binaries_RELEASE1.0\002c3a4a12eb9cdc80754e4cddccbc98e5769392.exe, MEM_COMMIT, PAGE_READWRITE, RegionSize=0x0013C028) [c:\users\samod\documents\sjsu project\binaries\release_malicia_1.0\binaries_release1.0\002c3a4a12eb9cdc80754e4cddccbc98e5769392.exe]
VirtualAllocEx(C:\Users\samod\Documents\SJSU Project\Binaries\release_malicia_1.0\binaries_RELEASE1.0\002c3a4a12eb9cdc80754e4cddccbc98e5769392.exe, MEM_COMMIT, PAGE_READWRITE, RegionSize=0x0013E028) [c:\users\samod\documents\sjsu project\binaries\release_malicia_1.0\binaries_release1.0\002c3a4a12eb9cdc80754e4cddccbc98e5769392.exe]
VirtualAllocEx(C:\Users\samod\Documents\SJSU Project\Binaries\release_malicia_1.0\binaries_RELEASE1.0\002c3a4a12eb9cdc80754e4cddccbc98e5769392.exe, MEM_COMMIT, PAGE_READWRITE, RegionSize=0x0014C028) [c:\users\samod\documents\sjsu project\binaries\release_malicia_1.0\binaries_release1.0\002c3a4a12eb9cdc80754e4cddccbc98e5769392.exe]
VirtualAllocEx(C:\Users\samod\Documents\SJSU Project\Binaries\release_malicia_1.0\binaries_RELEASE1.0\002c3a4a12eb9cdc80754e4cddccbc98e5769392.exe, MEM_COMMIT, PAGE_READWRITE, RegionSize=0x00146028) [c:\users\samod\documents\sjsu project\binaries\release_malicia_1.0\binaries_release1.0\002c3a4a12eb9cdc80754e4cddccbc98e5769392.exe]
VirtualAllocEx(C:\Users\samod\Documents\SJSU Project\Binaries\release_malicia_1.0\binaries_RELEASE1.0\002c3a4a12eb9cdc80754e4cddccbc98e5769392.exe, MEM_COMMIT, PAGE_READWRITE, RegionSize=0x00148028) [c:\users\samod\documents\sjsu project\binaries\release_malicia_1.0\binaries_release1.0\002c3a4a12eb9cdc80754e4cddccbc98e5769392.exe]
VirtualAllocEx(C:\Users\samod\Documents\SJSU Project\Binaries\release_malicia_1.0\binaries_RELEASE1.0\002c3a4a12eb9cdc80754e4cddccbc98e5769392.exe, MEM_COMMIT, PAGE_READWRITE, RegionSize=0x0014A028) [c:\users\samod\documents\sjsu project\binaries\release_malicia_1.0\binaries_release1.0\002c3a4a12eb9cdc80754e4cddccbc98e5769392.exe]
VirtualAllocEx(C:\Users\samod\Documents\SJSU Project\Binaries\release_malicia_1.0\binaries_RELEASE1.0\002c3a4a12eb9cdc80754e4cddccbc98e5769392.exe, MEM_COMMIT, PAGE_READWRITE, RegionSize=0x0014B028) [c:\users\samod\documents\sjsu project\binaries\release_malicia_1.0\binaries_release1.0\002c3a4a12eb9cdc80754e4cddccbc98e5769392.exe]
VirtualAllocEx(C:\Users\samod\Documents\SJSU Project\Binaries\release_malicia_1.0\binaries_RELEASE1.0\002c3a4a12eb9cdc80754e4cddccbc98e5769392.exe, MEM_COMMIT, PAGE_READWRITE, RegionSize=0x00151028) [c:\users\samod\documents\sjsu project\binaries\release_malicia_1.0\binaries_release1.0\002c3a4a12eb9cdc80754e4cddccbc98e5769392.exe]
VirtualAllocEx(C:\Users\samod\Documents\SJSU Project\Binaries\release_malicia_1.0\binaries_RELEASE1.0\002c3a4a12eb9cdc80754e4cddccbc98e5769392.exe, MEM_COMMIT, PAGE_READWRITE, RegionSize=0x00149028) [c:\users\samod\documents\sjsu project\binaries\release_malicia_1.0\binaries_release1.0\002c3a4a12eb9cdc80754e4cddccbc98e5769392.exe]
VirtualAllocEx(C:\Users\samod\Documents\SJSU Project\Binaries\release_malicia_1.0\binaries_RELEASE1.0\002c3a4a12eb9cdc80754e4cddccbc98e5769392.exe, MEM_COMMIT, PAGE_READWRITE, RegionSize=0x0014E028) [c:\users\samod\documents\sjsu project\binaries\release_malicia_1.0\binaries_release1.0\002c3a4a12eb9cdc80754e4cddccbc98e5769392.exe]
VirtualAllocEx(C:\Users\samod\Documents\SJSU Project\Binaries\release_malicia_1.0\binaries_RELEASE1.0\002c3a4a12eb9cdc80754e4cddccbc98e5769392.exe, MEM_COMMIT, PAGE_READWRITE, RegionSize=0x00150028) [c:\users\samod\documents\sjsu project\binaries\release_malicia_1.0\binaries_release1.0\002c3a4a12eb9cdc80754e4cddccbc98e5769392.exe]
VirtualAllocEx(C:\Users\samod\Documents\SJSU Project\Binaries\release_malicia_1.0\binaries_RELEASE1.0\002c3a4a12eb9cdc80754e4cddccbc98e5769392.exe, MEM_COMMIT, PAGE_READWRITE, RegionSize=0x00154028) [c:\users\samod\documents\sjsu project\binaries\release_malicia_1.0\binaries_release1.0\002c3a4a12eb9cdc80754e4cddccbc98e5769392.exe]
VirtualAllocEx(C:\Users\samod\Documents\SJSU Project\Binaries\release_malicia_1.0\binaries_RELEASE1.0\002c3a4a12eb9cdc80754e4cddccbc98e5769392.exe, MEM_COMMIT, PAGE_READWRITE, RegionSize=0x0015A028) [c:\users\samod\documents\sjsu project\binaries\release_malicia_1.0\binaries_release1.0\002c3a4a12eb9cdc80754e4cddccbc98e5769392.exe]
VirtualAllocEx(C:\Users\samod\Documents\SJSU Project\Binaries\release_malicia_1.0\binaries_RELEASE1.0\002c3a4a12eb9cdc80754e4cddccbc98e5769392.exe, MEM_COMMIT, PAGE_READWRITE, RegionSize=0x00155028) [c:\users\samod\documents\sjsu project\binaries\release_malicia_1.0\binaries_release1.0\002c3a4a12eb9cdc80754e4cddccbc98e5769392.exe]
VirtualAllocEx(C:\Users\samod\Documents\SJSU Project\Binaries\release_malicia_1.0\binaries_RELEASE1.0\002c3a4a12eb9cdc80754e4cddccbc98e5769392.exe, MEM_COMMIT, PAGE_READWRITE, RegionSize=0x00157028) [c:\users\samod\documents\sjsu project\binaries\release_malicia_1.0\binaries_release1.0\002c3a4a12eb9cdc80754e4cddccbc98e5769392.exe]
VirtualAllocEx(C:\Users\samod\Documents\SJSU Project\Binaries\release_malicia_1.0\binaries_RELEASE1.0\002c3a4a12eb9cdc80754e4cddccbc98e5769392.exe, MEM_COMMIT, PAGE_READWRITE, RegionSize=0x0015D028) [c:\users\samod\documents\sjsu project\binaries\release_malicia_1.0\binaries_release1.0\002c3a4a12eb9cdc80754e4cddccbc98e5769392.exe]
LdrFindEntryForAddress(0x6A640000) [c:\users\samod\documents\sjsu project\binaries\release_malicia_1.0\binaries_release1.0\002c3a4a12eb9cdc80754e4cddccbc98e5769392.exe]
GetProcessDEPPolicy() [c:\users\samod\documents\sjsu project\binaries\release_malicia_1.0\binaries_release1.0\002c3a4a12eb9cdc80754e4cddccbc98e5769392.exe]
QuerySystemInformation(115) [c:\users\samod\documents\sjsu project\binaries\release_malicia_1.0\binaries_release1.0\002c3a4a12eb9cdc80754e4cddccbc98e5769392.exe]
VirtualAllocEx(C:\Users\samod\Documents\SJSU Project\Binaries\release_malicia_1.0\binaries_RELEASE1.0\002c3a4a12eb9cdc80754e4cddccbc98e5769392.exe, MEM_COMMIT, PAGE_READWRITE, RegionSize=0x0000000C) [c:\users\samod\documents\sjsu project\binaries\release_malicia_1.0\binaries_release1.0\002c3a4a12eb9cdc80754e4cddccbc98e5769392.exe]
GetModuleHandle(user32.dll) [c:\users\samod\documents\sjsu project\binaries\release_malicia_1.0\binaries_release1.0\002c3a4a12eb9cdc80754e4cddccbc98e5769392.exe]
VirtualAllocEx(C:\Users\samod\Documents\SJSU Project\Binaries\release_malicia_1.0\binaries_RELEASE1.0\002c3a4a12eb9cdc80754e4cddccbc98e5769392.exe, MEM_COMMIT, PAGE_READWRITE, RegionSize=0x00037000) [c:\users\samod\documents\sjsu project\binaries\release_malicia_1.0\binaries_release1.0\002c3a4a12eb9cdc80754e4cddccbc98e5769392.exe]
VirtualAllocEx(C:\Users\samod\Documents\SJSU Project\Binaries\release_malicia_1.0\binaries_RELEASE1.0\002c3a4a12eb9cdc80754e4cddccbc98e5769392.exe, MEM_COMMIT, PAGE_READWRITE, RegionSize=0x0000F000) [c:\users\samod\documents\sjsu project\binaries\release_malicia_1.0\binaries_release1.0\002c3a4a12eb9cdc80754e4cddccbc98e5769392.exe]
VirtualAllocEx(C:\Users\samod\Documents\SJSU Project\Binaries\release_malicia_1.0\binaries_RELEASE1.0\002c3a4a12eb9cdc80754e4cddccbc98e5769392.exe, MEM_COMMIT, PAGE_READWRITE, RegionSize=0x00025000) [c:\users\samod\documents\sjsu project\binaries\release_malicia_1.0\binaries_release1.0\002c3a4a12eb9cdc80754e4cddccbc98e5769392.exe]
VirtualAllocEx(C:\Users\samod\Documents\SJSU Project\Binaries\release_malicia_1.0\binaries_RELEASE1.0\002c3a4a12eb9cdc80754e4cddccbc98e5769392.exe, MEM_COMMIT, PAGE_READWRITE, RegionSize=0x00024000) [c:\users\samod\documents\sjsu project\binaries\release_malicia_1.0\binaries_release1.0\002c3a4a12eb9cdc80754e4cddccbc98e5769392.exe]
VirtualAllocEx(C:\Users\samod\Documents\SJSU Project\Binaries\release_malicia_1.0\binaries_RELEASE1.0\002c3a4a12eb9cdc80754e4cddccbc98e5769392.exe, MEM_COMMIT, PAGE_READWRITE, RegionSize=0x00023000) [c:\users\samod\documents\sjsu project\binaries\release_malicia_1.0\binaries_release1.0\002c3a4a12eb9cdc80754e4cddccbc98e5769392.exe]
VirtualAllocEx(C:\Users\samod\Documents\SJSU Project\Binaries\release_malicia_1.0\binaries_RELEASE1.0\002c3a4a12eb9cdc80754e4cddccbc98e5769392.exe, MEM_COMMIT, PAGE_READWRITE, RegionSize=0x0001F000) [c:\users\samod\documents\sjsu project\binaries\release_malicia_1.0\binaries_release1.0\002c3a4a12eb9cdc80754e4cddccbc98e5769392.exe]
VirtualAllocEx(C:\Users\samod\Documents\SJSU Project\Binaries\release_malicia_1.0\binaries_RELEASE1.0\002c3a4a12eb9cdc80754e4cddccbc98e5769392.exe, MEM_COMMIT, PAGE_READWRITE, RegionSize=0x0002F000) [c:\users\samod\documents\sjsu project\binaries\release_malicia_1.0\binaries_release1.0\002c3a4a12eb9cdc80754e4cddccbc98e5769392.exe]
VirtualAllocEx(C:\Users\samod\Documents\SJSU Project\Binaries\release_malicia_1.0\binaries_RELEASE1.0\002c3a4a12eb9cdc80754e4cddccbc98e5769392.exe, MEM_COMMIT, PAGE_READWRITE, RegionSize=0x0003F000) [c:\users\samod\documents\sjsu project\binaries\release_malicia_1.0\binaries_release1.0\002c3a4a12eb9cdc80754e4cddccbc98e5769392.exe]
VirtualAllocEx(C:\Users\samod\Documents\SJSU Project\Binaries\release_malicia_1.0\binaries_RELEASE1.0\002c3a4a12eb9cdc80754e4cddccbc98e5769392.exe, MEM_COMMIT, PAGE_READWRITE, RegionSize=0x00017000) [c:\users\samod\documents\sjsu project\binaries\release_malicia_1.0\binaries_release1.0\002c3a4a12eb9cdc80754e4cddccbc98e5769392.exe]
VirtualAllocEx(C:\Users\samod\Documents\SJSU Project\Binaries\release_malicia_1.0\binaries_RELEASE1.0\002c3a4a12eb9cdc80754e4cddccbc98e5769392.exe, MEM_COMMIT, PAGE_READWRITE, RegionSize=0x00019000) [c:\users\samod\documents\sjsu project\binaries\release_malicia_1.0\binaries_release1.0\002c3a4a12eb9cdc80754e4cddccbc98e5769392.exe]
VirtualAllocEx(C:\Users\samod\Documents\SJSU Project\Binaries\release_malicia_1.0\binaries_RELEASE1.0\002c3a4a12eb9cdc80754e4cddccbc98e5769392.exe, MEM_COMMIT, PAGE_READWRITE, RegionSize=0x005A90A0) [c:\users\samod\documents\sjsu project\binaries\release_malicia_1.0\binaries_release1.0\002c3a4a12eb9cdc80754e4cddccbc98e5769392.exe]
VirtualAllocEx(C:\Users\samod\Documents\SJSU Project\Binaries\release_malicia_1.0\binaries_RELEASE1.0\002c3a4a12eb9cdc80754e4cddccbc98e5769392.exe, MEM_COMMIT, PAGE_READWRITE, RegionSize=0x0010BCF8) [c:\users\samod\documents\sjsu project\binaries\release_malicia_1.0\binaries_release1.0\002c3a4a12eb9cdc80754e4cddccbc98e5769392.exe]
LdrFindEntryForAddress(0x73930000) [c:\users\samod\documents\sjsu project\binaries\release_malicia_1.0\binaries_release1.0\002c3a4a12eb9cdc80754e4cddccbc98e5769392.exe]
VirtualAllocEx(C:\Windows\System32\cmd.exe, MEM_COMMIT, PAGE_READWRITE, RegionSize=0x00000000000C2000) [c:\windows\system32\cmd.exe]
VirtualAllocEx(C:\Windows\System32\cmd.exe, MEM_COMMIT, PAGE_READWRITE, RegionSize=0x00000000000D0000) [c:\windows\system32\cmd.exe]
VirtualAllocEx(C:\Windows\System32\cmd.exe, MEM_COMMIT, PAGE_READWRITE, RegionSize=0x000000000000C000) [c:\windows\system32\cmd.exe]
VirtualAllocEx(C:\Windows\System32\cmd.exe, MEM_COMMIT, PAGE_READWRITE, RegionSize=0x0000000000010000) [c:\windows\system32\cmd.exe]
CreateProcess(C:\Users\samod\Documents\SJSU Project\Binaries\release_malicia_1.0\binaries_RELEASE1.0\002f4769122206f9d3a9fddaf24b41fc52b226ea.exe, .\002f4769122206f9d3a9fddaf24b41fc52b226ea.exe, C:\Users\samod\Documents\SJSU Project\Binaries\release_malicia_1.0\binaries_RELEASE1.0) [c:\windows\system32\cmd.exe]
QueryProcessInformation(C:\Users\samod\Documents\SJSU Project\Binaries\release_malicia_1.0\binaries_RELEASE1.0\002f4769122206f9d3a9fddaf24b41fc52b226ea.exe, ProcessBasicInformation) [c:\windows\system32\cmd.exe]
VirtualAllocEx(C:\Users\samod\Documents\SJSU Project\Binaries\release_malicia_1.0\binaries_RELEASE1.0\002f4769122206f9d3a9fddaf24b41fc52b226ea.exe, MEM_COMMIT, PAGE_READWRITE, RegionSize=0x00000000000011C0) [c:\windows\system32\cmd.exe]
WriteProcessMemory(C:\Users\samod\Documents\SJSU Project\Binaries\release_malicia_1.0\binaries_RELEASE1.0\002f4769122206f9d3a9fddaf24b41fc52b226ea.exe, BaseAddress=0x00000000001E0000, BufferSize=0x00000000000011C0) [c:\windows\system32\cmd.exe]
WriteProcessMemory(C:\Users\samod\Documents\SJSU Project\Binaries\release_malicia_1.0\binaries_RELEASE1.0\002f4769122206f9d3a9fddaf24b41fc52b226ea.exe, BaseAddress=0x00000000002932D8, BufferSize=0x0000000000000008) [c:\windows\system32\cmd.exe]
WriteProcessMemory(C:\Users\samod\Documents\SJSU Project\Binaries\release_malicia_1.0\binaries_RELEASE1.0\002f4769122206f9d3a9fddaf24b41fc52b226ea.exe, BaseAddress=0x00000000002941E8, BufferSize=0x0000000000000004) [c:\windows\system32\cmd.exe]