GetModuleHandle(ntdll) [c:\users\samod\documents\sjsu project\binaries\release_malicia_1.0\binaries_release1.0\00113d9802cca3deba19cf9daa17f1c2269de2b8.exe]
QuerySystemInformation(SystemBasicInformation) [c:\users\samod\documents\sjsu project\binaries\release_malicia_1.0\binaries_release1.0\00113d9802cca3deba19cf9daa17f1c2269de2b8.exe]
QuerySystemInformation(SystemProcessorInformation) [c:\users\samod\documents\sjsu project\binaries\release_malicia_1.0\binaries_release1.0\00113d9802cca3deba19cf9daa17f1c2269de2b8.exe]
QueryProcessInformation(C:\Users\samod\Documents\SJSU Project\Binaries\release_malicia_1.0\binaries_RELEASE1.0\00113d9802cca3deba19cf9daa17f1c2269de2b8.exe, ProcessImageInformation) [c:\users\samod\documents\sjsu project\binaries\release_malicia_1.0\binaries_release1.0\00113d9802cca3deba19cf9daa17f1c2269de2b8.exe]
CreateThread() [c:\users\samod\documents\sjsu project\binaries\release_malicia_1.0\binaries_release1.0\00113d9802cca3deba19cf9daa17f1c2269de2b8.exe]
ResumeThread(12064) [c:\users\samod\documents\sjsu project\binaries\release_malicia_1.0\binaries_release1.0\00113d9802cca3deba19cf9daa17f1c2269de2b8.exe]
TerminateProcess() [c:\users\samod\documents\sjsu project\binaries\release_malicia_1.0\binaries_release1.0\00113d9802cca3deba19cf9daa17f1c2269de2b8.exe]
VirtualAllocEx(C:\Windows\System32\cmd.exe, MEM_COMMIT, PAGE_READWRITE, RegionSize=0x000000000002F000) [c:\windows\system32\cmd.exe]
VirtualAllocEx(C:\Windows\System32\cmd.exe, MEM_COMMIT, PAGE_READWRITE, RegionSize=0x000000000001E000) [c:\windows\system32\cmd.exe]
VirtualAllocEx(C:\Windows\System32\cmd.exe, MEM_COMMIT, PAGE_READWRITE, RegionSize=0x0000000000027000) [c:\windows\system32\cmd.exe]
VirtualAllocEx(C:\Windows\System32\cmd.exe, MEM_COMMIT, PAGE_READWRITE, RegionSize=0x000000000001B000) [c:\windows\system32\cmd.exe]
VirtualAllocEx(C:\Windows\System32\cmd.exe, MEM_COMMIT, PAGE_READWRITE, RegionSize=0x00000000000A2000) [c:\windows\system32\cmd.exe]
VirtualAllocEx(C:\Windows\System32\cmd.exe, MEM_COMMIT, PAGE_READWRITE, RegionSize=0x000000000000E000) [c:\windows\system32\cmd.exe]
VirtualAllocEx(C:\Windows\System32\cmd.exe, MEM_COMMIT, PAGE_READWRITE, RegionSize=0x0000000000001000) [c:\windows\system32\cmd.exe]
CreateProcess(C:\Users\samod\Documents\SJSU Project\Binaries\release_malicia_1.0\binaries_RELEASE1.0\002c3a4a12eb9cdc80754e4cddccbc98e5769392.exe, .\002c3a4a12eb9cdc80754e4cddccbc98e5769392.exe, C:\Users\samod\Documents\SJSU Project\Binaries\release_malicia_1.0\binaries_RELEASE1.0) [c:\windows\system32\cmd.exe]
QueryProcessInformation(C:\Users\samod\Documents\SJSU Project\Binaries\release_malicia_1.0\binaries_RELEASE1.0\002c3a4a12eb9cdc80754e4cddccbc98e5769392.exe, ProcessBasicInformation) [c:\windows\system32\cmd.exe]
VirtualAllocEx(C:\Users\samod\Documents\SJSU Project\Binaries\release_malicia_1.0\binaries_RELEASE1.0\002c3a4a12eb9cdc80754e4cddccbc98e5769392.exe, MEM_COMMIT, PAGE_READWRITE, RegionSize=0x00000000000011C0) [c:\windows\system32\cmd.exe]
WriteProcessMemory(C:\Users\samod\Documents\SJSU Project\Binaries\release_malicia_1.0\binaries_RELEASE1.0\002c3a4a12eb9cdc80754e4cddccbc98e5769392.exe, BaseAddress=0x00000000001E0000, BufferSize=0x00000000000011C0) [c:\windows\system32\cmd.exe]
WriteProcessMemory(C:\Users\samod\Documents\SJSU Project\Binaries\release_malicia_1.0\binaries_RELEASE1.0\002c3a4a12eb9cdc80754e4cddccbc98e5769392.exe, BaseAddress=0x000000000029D2D8, BufferSize=0x0000000000000008) [c:\windows\system32\cmd.exe]
WriteProcessMemory(C:\Users\samod\Documents\SJSU Project\Binaries\release_malicia_1.0\binaries_RELEASE1.0\002c3a4a12eb9cdc80754e4cddccbc98e5769392.exe, BaseAddress=0x000000000029E1E8, BufferSize=0x0000000000000004) [c:\windows\system32\cmd.exe]
ResumeThread(4192) [c:\windows\system32\cmd.exe]
VirtualAllocEx(C:\Windows\System32\cmd.exe, MEM_COMMIT, PAGE_READWRITE, RegionSize=0x000000000000B000) [c:\windows\system32\cmd.exe]